15-05-2020 07:48:07.019 [main  /  / / ] INFO  o.s.c.c.c.ConfigServicePropertySourceLocator.getRemoteEnvironment - Fetching config from server at : http://localhost:8060
15-05-2020 07:48:09.162 [main  /  / / ] INFO  o.s.c.c.c.ConfigServicePropertySourceLocator.log - Located environment: name=anagrafica-service, profiles=[svi], label=null, version=e5b03d9849085959252ed62d9fc75c4d7e32f17c, state=null
15-05-2020 07:48:09.179 [main  /  / / ] INFO  o.s.c.b.c.PropertySourceBootstrapConfiguration.initialize - Located property source: [BootstrapPropertySource {name='bootstrapProperties-configClient'}, BootstrapPropertySource {name='bootstrapProperties-https://github.com/MagarelliC/config-repository.git/application.properties'}]
15-05-2020 07:48:09.430 [main  /  / / ] INFO  i.z.anagrafica.AnagraficaApplication.logStartupProfileInfo - The following profiles are active: svi
15-05-2020 07:48:12.719 [main  /  / / ] INFO  o.s.cloud.context.scope.GenericScope.setSerializationId - BeanFactory id=46b8cc66-2a11-39d4-9e2a-59d16b25d6e2
15-05-2020 07:48:13.347 [main  /  / / ] INFO  o.s.c.s.PostProcessorRegistrationDelegate$BeanPostProcessorChecker.postProcessAfterInitialization - Bean 'spring.sleuth.redis-org.springframework.cloud.sleuth.instrument.redis.TraceRedisProperties' of type [org.springframework.cloud.sleuth.instrument.redis.TraceRedisProperties] is not eligible for getting processed by all BeanPostProcessors (for example: not eligible for auto-proxying)
15-05-2020 07:48:14.178 [main  /  / / ] INFO  o.s.b.w.e.tomcat.TomcatWebServer.initialize - Tomcat initialized with port(s): 8082 (http)
15-05-2020 07:48:14.197 [main  /  / / ] INFO  o.a.coyote.http11.Http11NioProtocol.log - Initializing ProtocolHandler ["http-nio-8082"]
15-05-2020 07:48:14.203 [main  /  / / ] INFO  o.a.catalina.core.StandardService.log - Starting service [Tomcat]
15-05-2020 07:48:14.204 [main  /  / / ] INFO  o.a.catalina.core.StandardEngine.log - Starting Servlet engine: [Apache Tomcat/9.0.33]
15-05-2020 07:48:14.567 [main  /  / / ] INFO  o.a.c.c.C.[Tomcat].[localhost].[/].log - Initializing Spring embedded WebApplicationContext
15-05-2020 07:48:14.573 [main  /  / / ] INFO  o.s.web.context.ContextLoader.prepareWebApplicationContext - Root WebApplicationContext: initialization completed in 5034 ms
15-05-2020 07:48:17.841 [main  /  / / ] DEBUG i.z.a.c.AnagraficaRequestLoggingFilter.init - Filter 'logFilter' configured for use
15-05-2020 07:48:20.326 [main  /  / / ] INFO  o.s.b.a.e.web.EndpointLinksResolver.<init> - Exposing 2 endpoint(s) beneath base path '/actuator'
15-05-2020 07:48:20.965 [main  /  / / ] INFO  s.d.s.w.PropertySourcedRequestMappingHandlerMapping.initHandlerMethods - Mapped URL path [/v2/api-docs] onto method [springfox.documentation.swagger2.web.Swagger2Controller#getDocumentation(String, HttpServletRequest)]
15-05-2020 07:48:21.846 [main  /  / / ] INFO  o.s.s.c.ThreadPoolTaskExecutor.initialize - Initializing ExecutorService 'applicationTaskExecutor'
15-05-2020 07:48:23.466 [RMI TCP Connection(3)-127.0.0.1  /  / / ] INFO  o.a.c.c.C.[Tomcat].[localhost].[/].log - Initializing Spring DispatcherServlet 'dispatcherServlet'
15-05-2020 07:48:23.469 [RMI TCP Connection(3)-127.0.0.1  /  / / ] INFO  o.s.web.servlet.DispatcherServlet.initServletBean - Initializing Servlet 'dispatcherServlet'
15-05-2020 07:48:23.589 [RMI TCP Connection(3)-127.0.0.1  /  / / ] INFO  o.s.web.servlet.DispatcherServlet.initServletBean - Completed initialization in 119 ms
15-05-2020 07:48:24.098 [main  /  / / ] INFO  s.d.s.w.p.DocumentationPluginsBootstrapper.start - Context refreshed
15-05-2020 07:48:24.112 [main  /  / / ] INFO  s.d.s.w.p.DocumentationPluginsBootstrapper.start - Found 1 custom documentation plugin(s)
15-05-2020 07:48:24.154 [main  /  / / ] INFO  s.d.s.w.s.ApiListingReferenceScanner.scan - Scanning for api listing references
15-05-2020 07:48:24.334 [main  /  / / ] INFO  o.a.coyote.http11.Http11NioProtocol.log - Starting ProtocolHandler ["http-nio-8082"]
15-05-2020 07:48:24.399 [main  /  / / ] INFO  o.s.b.w.e.tomcat.TomcatWebServer.start - Tomcat started on port(s): 8082 (http) with context path ''
15-05-2020 07:48:24.475 [main  /  / / ] INFO  i.z.anagrafica.AnagraficaApplication.logStarted - Started AnagraficaApplication in 21.588 seconds (JVM running for 24.111)
15-05-2020 07:49:12.692 [http-nio-8082-exec-1 magarellic / 77788889999 / f57d574b73eef89f/ 6bdd22799c59ad11] DEBUG i.z.a.c.AnagraficaRequestLoggingFilter.beforeRequest - REQUEST DATA BEFORE :GET /api/anagrafica/E885588, headers=[accept-encoding:"gzip", user-agent:"ReactorNetty/0.9.6.RELEASE", host:"localhost:8082", accept:"*/*", requestid:"77788889999", userid:"magarellic", x-b3-traceid:"f57d574b73eef89f", x-b3-spanid:"6bdd22799c59ad11", x-b3-parentspanid:"f57d574b73eef89f", x-b3-sampled:"0"]]
15-05-2020 07:49:12.713 [http-nio-8082-exec-1 magarellic / 77788889999 / f57d574b73eef89f/ 6bdd22799c59ad11] INFO  i.z.a.c.GenericHandlerInterceptor.preHandle - INTERCEPTOR PREHANDLE CALLED
15-05-2020 07:49:12.775 [http-nio-8082-exec-1 magarellic / 77788889999 / f57d574b73eef89f/ 6bdd22799c59ad11] INFO  i.z.a.c.AnagraficaController.getCliente - Sono nell' AnagraficaController del service : anagrafica
15-05-2020 07:49:12.776 [http-nio-8082-exec-1 magarellic / 77788889999 / f57d574b73eef89f/ 6bdd22799c59ad11] INFO  i.z.a.services.AnagraficaServiceImpl.getAnagrafica - Sono nel AnagraficaServiceImpl del service : quotazione. Common : A common configuration 1
15-05-2020 07:49:12.776 [http-nio-8082-exec-1 magarellic / 77788889999 / f57d574b73eef89f/ 6bdd22799c59ad11] INFO  i.z.a.services.AnagraficaServiceImpl.getAnagrafica - Sono nel AnagraficaServiceImpl del service : quotazione. Env : A common env 1
15-05-2020 07:49:12.777 [http-nio-8082-exec-1 magarellic / 77788889999 / f57d574b73eef89f/ 6bdd22799c59ad11] INFO  i.z.a.c.AnagraficaController.getCliente - Anagrafica  : E885588
15-05-2020 07:49:12.885 [http-nio-8082-exec-1 magarellic / 77788889999 / f57d574b73eef89f/ 6bdd22799c59ad11] INFO  i.z.a.c.GenericHandlerInterceptor.postHandle - INTERCEPTOR POSTHANDLE CALLED
15-05-2020 07:49:12.886 [http-nio-8082-exec-1 magarellic / 77788889999 / f57d574b73eef89f/ 6bdd22799c59ad11] INFO  i.z.a.c.GenericHandlerInterceptor.afterCompletion - INTERCEPTOR AFTERCOMPLETION CALLED
15-05-2020 07:49:12.901 [http-nio-8082-exec-1 magarellic / 77788889999 / f57d574b73eef89f/ 6bdd22799c59ad11] DEBUG i.z.a.c.AnagraficaRequestLoggingFilter.afterRequest - REQUEST DATA AFTER: GET /api/anagrafica/E885588, headers=[accept-encoding:"gzip", user-agent:"ReactorNetty/0.9.6.RELEASE", host:"localhost:8082", accept:"*/*", requestid:"77788889999", userid:"magarellic", x-b3-traceid:"f57d574b73eef89f", x-b3-spanid:"6bdd22799c59ad11", x-b3-parentspanid:"f57d574b73eef89f", x-b3-sampled:"0"]]
15-05-2020 07:50:48.018 [http-nio-8082-exec-3  /  / 0bf38c59122a212d/ 0bf38c59122a212d] DEBUG i.z.a.c.AnagraficaRequestLoggingFilter.beforeRequest - REQUEST DATA BEFORE :GET /actuator/info, headers=[user-agent:"PostmanRuntime/7.24.1", accept:"*/*", postman-token:"2d185897-88c0-4f58-ac7d-a7c3bd5d6ae9", host:"localhost:8082", accept-encoding:"gzip, deflate, br", connection:"keep-alive"]]
15-05-2020 07:50:48.151 [http-nio-8082-exec-3  /  / 0bf38c59122a212d/ 0bf38c59122a212d] DEBUG i.z.a.c.AnagraficaRequestLoggingFilter.afterRequest - REQUEST DATA AFTER: GET /actuator/info, headers=[user-agent:"PostmanRuntime/7.24.1", accept:"*/*", postman-token:"2d185897-88c0-4f58-ac7d-a7c3bd5d6ae9", host:"localhost:8082", accept-encoding:"gzip, deflate, br", connection:"keep-alive"]]
15-05-2020 07:54:44.468 [http-nio-8082-exec-8  /  / 0b8ebe6f909f16c6/ 0b8ebe6f909f16c6] DEBUG i.z.a.c.AnagraficaRequestLoggingFilter.beforeRequest - REQUEST DATA BEFORE :GET /actuator/health, headers=[user-agent:"PostmanRuntime/7.24.1", accept:"*/*", postman-token:"6331b276-9d56-4e2e-921a-51ae470aee2e", host:"localhost:8082", accept-encoding:"gzip, deflate, br", connection:"keep-alive"]]
15-05-2020 07:54:44.648 [http-nio-8082-exec-8  /  / 0b8ebe6f909f16c6/ 0b8ebe6f909f16c6] INFO  o.s.c.c.c.ConfigServicePropertySourceLocator.getRemoteEnvironment - Fetching config from server at : http://localhost:8060
15-05-2020 07:54:45.890 [http-nio-8082-exec-8  /  / 0b8ebe6f909f16c6/ 0b8ebe6f909f16c6] INFO  o.s.c.c.c.ConfigServicePropertySourceLocator.log - Located environment: name=anagrafica-service, profiles=[svi], label=null, version=e5b03d9849085959252ed62d9fc75c4d7e32f17c, state=null
15-05-2020 07:54:46.802 [boundedElastic-1  /  / / ] INFO  io.lettuce.core.EpollProvider.<clinit> - Starting with epoll library
15-05-2020 07:54:46.815 [boundedElastic-1  /  / / ] INFO  io.lettuce.core.KqueueProvider.<clinit> - Starting without optional kqueue library
15-05-2020 07:54:47.154 [boundedElastic-1  /  / 0b8ebe6f909f16c6/ 0b8ebe6f909f16c6] WARN  o.s.b.a.r.RedisReactiveHealthIndicator.handleFailure - Redis health check failed
org.springframework.data.redis.RedisConnectionFailureException: Unable to connect to Redis; nested exception is io.lettuce.core.RedisConnectionException: Unable to connect to localhost:6379
	at org.springframework.data.redis.connection.lettuce.LettuceConnectionFactory$SharedConnection.getNativeConnection(LettuceConnectionFactory.java:1199)
	at org.springframework.data.redis.connection.lettuce.LettuceConnectionFactory$SharedConnection.getConnection(LettuceConnectionFactory.java:1178)
	at org.springframework.data.redis.connection.lettuce.LettuceConnectionFactory.getSharedReactiveConnection(LettuceConnectionFactory.java:952)
	at org.springframework.data.redis.connection.lettuce.LettuceConnectionFactory.getReactiveConnection(LettuceConnectionFactory.java:429)
	at org.springframework.data.redis.connection.lettuce.LettuceConnectionFactory.getReactiveConnection(LettuceConnectionFactory.java:94)
	at reactor.core.publisher.MonoSupplier.subscribe(MonoSupplier.java:56)
	at reactor.core.publisher.Mono.subscribe(Mono.java:4210)
	at reactor.core.publisher.MonoSubscribeOn$SubscribeOnSubscriber.run(MonoSubscribeOn.java:124)
	at reactor.core.scheduler.WorkerTask.call(WorkerTask.java:84)
	at reactor.core.scheduler.WorkerTask.call(WorkerTask.java:37)
	at java.base/java.util.concurrent.FutureTask.run(FutureTask.java:264)
	at java.base/java.util.concurrent.ScheduledThreadPoolExecutor$ScheduledFutureTask.run(ScheduledThreadPoolExecutor.java:304)
	at java.base/java.util.concurrent.ThreadPoolExecutor.runWorker(ThreadPoolExecutor.java:1128)
	at java.base/java.util.concurrent.ThreadPoolExecutor$Worker.run(ThreadPoolExecutor.java:628)
	at java.base/java.lang.Thread.run(Thread.java:834)
Caused by: io.lettuce.core.RedisConnectionException: Unable to connect to localhost:6379
	at io.lettuce.core.RedisConnectionException.create(RedisConnectionException.java:78)
	at io.lettuce.core.RedisConnectionException.create(RedisConnectionException.java:56)
	at io.lettuce.core.AbstractRedisClient.getConnection(AbstractRedisClient.java:234)
	at io.lettuce.core.RedisClient.connect(RedisClient.java:207)
	at org.springframework.data.redis.connection.lettuce.StandaloneConnectionProvider.lambda$getConnection$1(StandaloneConnectionProvider.java:115)
	at java.base/java.util.Optional.orElseGet(Optional.java:369)
	at org.springframework.data.redis.connection.lettuce.StandaloneConnectionProvider.getConnection(StandaloneConnectionProvider.java:115)
	at org.springframework.data.redis.connection.lettuce.LettuceConnectionFactory$SharedConnection.getNativeConnection(LettuceConnectionFactory.java:1197)
	... 14 common frames omitted
Caused by: io.netty.channel.AbstractChannel$AnnotatedConnectException: finishConnect(..) failed: Connection refused: localhost/127.0.0.1:6379
Caused by: java.net.ConnectException: finishConnect(..) failed: Connection refused
	at io.netty.channel.unix.Errors.throwConnectException(Errors.java:124)
	at io.netty.channel.unix.Socket.finishConnect(Socket.java:243)
	at io.netty.channel.epoll.AbstractEpollChannel$AbstractEpollUnsafe.doFinishConnect(AbstractEpollChannel.java:672)
	at io.netty.channel.epoll.AbstractEpollChannel$AbstractEpollUnsafe.finishConnect(AbstractEpollChannel.java:649)
	at io.netty.channel.epoll.AbstractEpollChannel$AbstractEpollUnsafe.epollOutReady(AbstractEpollChannel.java:529)
	at io.netty.channel.epoll.EpollEventLoop.processReady(EpollEventLoop.java:465)
	at io.netty.channel.epoll.EpollEventLoop.run(EpollEventLoop.java:378)
	at io.netty.util.concurrent.SingleThreadEventExecutor$4.run(SingleThreadEventExecutor.java:989)
	at io.netty.util.internal.ThreadExecutorMap$2.run(ThreadExecutorMap.java:74)
	at io.netty.util.concurrent.FastThreadLocalRunnable.run(FastThreadLocalRunnable.java:30)
	at java.base/java.lang.Thread.run(Thread.java:834)
15-05-2020 07:54:47.198 [http-nio-8082-exec-8  /  / 0b8ebe6f909f16c6/ 0b8ebe6f909f16c6] DEBUG i.z.a.c.AnagraficaRequestLoggingFilter.afterRequest - REQUEST DATA AFTER: GET /actuator/health, headers=[user-agent:"PostmanRuntime/7.24.1", accept:"*/*", postman-token:"6331b276-9d56-4e2e-921a-51ae470aee2e", host:"localhost:8082", accept-encoding:"gzip, deflate, br", connection:"keep-alive"]]
15-05-2020 08:14:38.602 [http-nio-8082-exec-10 magarellic / 7888974152185412 / 23133a69a5a4522c/ 23133a69a5a4522c] DEBUG i.z.a.c.AnagraficaRequestLoggingFilter.beforeRequest - REQUEST DATA BEFORE :GET /api/anagrafica/1111, headers=[requestid:"7888974152185412", userid:"magarellic", user-agent:"PostmanRuntime/7.24.1", accept:"*/*", postman-token:"0c380ce4-9542-4675-a3af-fbe6b617f3e8", host:"localhost:8082", accept-encoding:"gzip, deflate, br", connection:"keep-alive", content-length:"11", Content-Type:"application/json;charset=UTF-8"]]
15-05-2020 08:14:38.604 [http-nio-8082-exec-10 magarellic / 7888974152185412 / 23133a69a5a4522c/ 23133a69a5a4522c] INFO  i.z.a.c.GenericHandlerInterceptor.preHandle - INTERCEPTOR PREHANDLE CALLED
15-05-2020 08:14:38.606 [http-nio-8082-exec-10 magarellic / 7888974152185412 / 23133a69a5a4522c/ 23133a69a5a4522c] INFO  i.z.a.c.AnagraficaController.getCliente - Sono nell' AnagraficaController del service : anagrafica
15-05-2020 08:14:38.607 [http-nio-8082-exec-10 magarellic / 7888974152185412 / 23133a69a5a4522c/ 23133a69a5a4522c] INFO  i.z.a.services.AnagraficaServiceImpl.getAnagrafica - Sono nel AnagraficaServiceImpl del service : quotazione. Common : A common configuration 1
15-05-2020 08:14:38.608 [http-nio-8082-exec-10 magarellic / 7888974152185412 / 23133a69a5a4522c/ 23133a69a5a4522c] INFO  i.z.a.services.AnagraficaServiceImpl.getAnagrafica - Sono nel AnagraficaServiceImpl del service : quotazione. Env : A common env 1
15-05-2020 08:14:38.608 [http-nio-8082-exec-10 magarellic / 7888974152185412 / 23133a69a5a4522c/ 23133a69a5a4522c] INFO  i.z.a.c.AnagraficaController.getCliente - Anagrafica  : 1111
15-05-2020 08:14:38.617 [http-nio-8082-exec-10 magarellic / 7888974152185412 / 23133a69a5a4522c/ 23133a69a5a4522c] INFO  i.z.a.c.GenericHandlerInterceptor.postHandle - INTERCEPTOR POSTHANDLE CALLED
15-05-2020 08:14:38.618 [http-nio-8082-exec-10 magarellic / 7888974152185412 / 23133a69a5a4522c/ 23133a69a5a4522c] INFO  i.z.a.c.GenericHandlerInterceptor.afterCompletion - INTERCEPTOR AFTERCOMPLETION CALLED
15-05-2020 08:14:38.619 [http-nio-8082-exec-10 magarellic / 7888974152185412 / 23133a69a5a4522c/ 23133a69a5a4522c] DEBUG i.z.a.c.AnagraficaRequestLoggingFilter.afterRequest - REQUEST DATA AFTER: GET /api/anagrafica/1111, headers=[requestid:"7888974152185412", userid:"magarellic", user-agent:"PostmanRuntime/7.24.1", accept:"*/*", postman-token:"0c380ce4-9542-4675-a3af-fbe6b617f3e8", host:"localhost:8082", accept-encoding:"gzip, deflate, br", connection:"keep-alive", content-length:"11", Content-Type:"application/json;charset=UTF-8"]]
15-05-2020 08:14:52.609 [RMI TCP Connection(42)-127.0.0.1  /  / / ] INFO  o.s.b.a.SpringApplicationAdminMXBeanRegistrar$SpringApplicationAdmin.shutdown - Application shutdown requested.
15-05-2020 08:14:52.630 [RMI TCP Connection(42)-127.0.0.1  /  / / ] INFO  o.s.s.c.ThreadPoolTaskExecutor.shutdown - Shutting down ExecutorService 'applicationTaskExecutor'
15-05-2020 08:14:52.825 [RMI TCP Connection(42)-127.0.0.1  /  / / ] INFO  o.a.coyote.http11.Http11NioProtocol.log - Pausing ProtocolHandler ["http-nio-8082"]
15-05-2020 08:14:52.829 [RMI TCP Connection(42)-127.0.0.1  /  / / ] INFO  o.a.catalina.core.StandardService.log - Stopping service [Tomcat]
15-05-2020 08:14:52.839 [RMI TCP Connection(42)-127.0.0.1  /  / / ] INFO  o.a.c.c.C.[Tomcat].[localhost].[/].log - Destroying Spring FrameworkServlet 'dispatcherServlet'
15-05-2020 08:14:52.850 [RMI TCP Connection(42)-127.0.0.1  /  / / ] WARN  o.a.c.loader.WebappClassLoaderBase.log - The web application [ROOT] appears to have started a thread named [boundedElastic-evictor-1] but has failed to stop it. This is very likely to create a memory leak. Stack trace of thread:
 java.base@11.0.7/jdk.internal.misc.Unsafe.park(Native Method)
 java.base@11.0.7/java.util.concurrent.locks.LockSupport.parkNanos(LockSupport.java:234)
 java.base@11.0.7/java.util.concurrent.locks.AbstractQueuedSynchronizer$ConditionObject.awaitNanos(AbstractQueuedSynchronizer.java:2123)
 java.base@11.0.7/java.util.concurrent.ScheduledThreadPoolExecutor$DelayedWorkQueue.take(ScheduledThreadPoolExecutor.java:1182)
 java.base@11.0.7/java.util.concurrent.ScheduledThreadPoolExecutor$DelayedWorkQueue.take(ScheduledThreadPoolExecutor.java:899)
 java.base@11.0.7/java.util.concurrent.ThreadPoolExecutor.getTask(ThreadPoolExecutor.java:1054)
 java.base@11.0.7/java.util.concurrent.ThreadPoolExecutor.runWorker(ThreadPoolExecutor.java:1114)
 java.base@11.0.7/java.util.concurrent.ThreadPoolExecutor$Worker.run(ThreadPoolExecutor.java:628)
 java.base@11.0.7/java.lang.Thread.run(Thread.java:834)
15-05-2020 08:14:52.853 [RMI TCP Connection(42)-127.0.0.1  /  / / ] INFO  o.a.coyote.http11.Http11NioProtocol.log - Stopping ProtocolHandler ["http-nio-8082"]
15-05-2020 08:14:52.857 [RMI TCP Connection(42)-127.0.0.1  /  / / ] INFO  o.a.coyote.http11.Http11NioProtocol.log - Destroying ProtocolHandler ["http-nio-8082"]
15-05-2020 08:27:30.281 [main  /  / / ] INFO  o.s.c.c.c.ConfigServicePropertySourceLocator.getRemoteEnvironment - Fetching config from server at : http://localhost:8060
15-05-2020 08:27:31.459 [main  /  / / ] INFO  o.s.c.c.c.ConfigServicePropertySourceLocator.log - Located environment: name=anagrafica-service, profiles=[svi], label=null, version=bf892c8a81ea4658f6353710844e2d01559d1677, state=null
15-05-2020 08:27:31.461 [main  /  / / ] INFO  o.s.c.b.c.PropertySourceBootstrapConfiguration.initialize - Located property source: [BootstrapPropertySource {name='bootstrapProperties-configClient'}, BootstrapPropertySource {name='bootstrapProperties-https://github.com/MagarelliC/config-repository.git/application.properties'}]
15-05-2020 08:27:31.638 [main  /  / / ] INFO  i.z.anagrafica.AnagraficaApplication.logStartupProfileInfo - The following profiles are active: svi
15-05-2020 08:27:35.072 [main  /  / / ] INFO  o.s.cloud.context.scope.GenericScope.setSerializationId - BeanFactory id=46b8cc66-2a11-39d4-9e2a-59d16b25d6e2
15-05-2020 08:27:35.822 [main  /  / / ] INFO  o.s.c.s.PostProcessorRegistrationDelegate$BeanPostProcessorChecker.postProcessAfterInitialization - Bean 'spring.sleuth.redis-org.springframework.cloud.sleuth.instrument.redis.TraceRedisProperties' of type [org.springframework.cloud.sleuth.instrument.redis.TraceRedisProperties] is not eligible for getting processed by all BeanPostProcessors (for example: not eligible for auto-proxying)
15-05-2020 08:27:37.050 [main  /  / / ] INFO  o.s.b.w.e.tomcat.TomcatWebServer.initialize - Tomcat initialized with port(s): 8082 (http)
15-05-2020 08:27:37.080 [main  /  / / ] INFO  o.a.coyote.http11.Http11NioProtocol.log - Initializing ProtocolHandler ["http-nio-8082"]
15-05-2020 08:27:37.081 [main  /  / / ] INFO  o.a.catalina.core.StandardService.log - Starting service [Tomcat]
15-05-2020 08:27:37.082 [main  /  / / ] INFO  o.a.catalina.core.StandardEngine.log - Starting Servlet engine: [Apache Tomcat/9.0.33]
15-05-2020 08:27:37.498 [main  /  / / ] INFO  o.a.c.c.C.[Tomcat].[localhost].[/].log - Initializing Spring embedded WebApplicationContext
15-05-2020 08:27:37.503 [main  /  / / ] INFO  o.s.web.context.ContextLoader.prepareWebApplicationContext - Root WebApplicationContext: initialization completed in 5779 ms
15-05-2020 08:27:39.838 [main  /  / / ] DEBUG i.z.a.c.AnagraficaRequestLoggingFilter.init - Filter 'logFilter' configured for use
15-05-2020 08:27:41.010 [main  /  / / ] INFO  o.s.b.a.e.web.EndpointLinksResolver.<init> - Exposing 2 endpoint(s) beneath base path '/actuator'
15-05-2020 08:27:41.262 [main  /  / / ] INFO  s.d.s.w.PropertySourcedRequestMappingHandlerMapping.initHandlerMethods - Mapped URL path [/v2/api-docs] onto method [springfox.documentation.swagger2.web.Swagger2Controller#getDocumentation(String, HttpServletRequest)]
15-05-2020 08:27:42.056 [main  /  / / ] INFO  o.s.s.c.ThreadPoolTaskExecutor.initialize - Initializing ExecutorService 'applicationTaskExecutor'
15-05-2020 08:27:44.733 [main  /  / / ] INFO  s.d.s.w.p.DocumentationPluginsBootstrapper.start - Context refreshed
15-05-2020 08:27:44.787 [main  /  / / ] INFO  s.d.s.w.p.DocumentationPluginsBootstrapper.start - Found 1 custom documentation plugin(s)
15-05-2020 08:27:44.925 [main  /  / / ] INFO  s.d.s.w.s.ApiListingReferenceScanner.scan - Scanning for api listing references
15-05-2020 08:27:45.607 [main  /  / / ] INFO  o.a.coyote.http11.Http11NioProtocol.log - Starting ProtocolHandler ["http-nio-8082"]
15-05-2020 08:27:45.688 [main  /  / / ] INFO  o.s.b.w.e.tomcat.TomcatWebServer.start - Tomcat started on port(s): 8082 (http) with context path ''
15-05-2020 08:27:45.729 [RMI TCP Connection(2)-127.0.0.1  /  / / ] INFO  o.a.c.c.C.[Tomcat].[localhost].[/].log - Initializing Spring DispatcherServlet 'dispatcherServlet'
15-05-2020 08:27:45.733 [RMI TCP Connection(2)-127.0.0.1  /  / / ] INFO  o.s.web.servlet.DispatcherServlet.initServletBean - Initializing Servlet 'dispatcherServlet'
15-05-2020 08:27:45.783 [RMI TCP Connection(2)-127.0.0.1  /  / / ] INFO  o.s.web.servlet.DispatcherServlet.initServletBean - Completed initialization in 49 ms
15-05-2020 08:27:45.855 [main  /  / / ] INFO  i.z.anagrafica.AnagraficaApplication.logStarted - Started AnagraficaApplication in 19.094 seconds (JVM running for 21.209)
15-05-2020 08:28:12.231 [main  /  / / ] INFO  o.s.c.c.c.ConfigServicePropertySourceLocator.getRemoteEnvironment - Fetching config from server at : http://localhost:8060
15-05-2020 08:28:13.495 [main  /  / / ] INFO  o.s.c.c.c.ConfigServicePropertySourceLocator.log - Located environment: name=anagrafica-service, profiles=[svi], label=null, version=bf892c8a81ea4658f6353710844e2d01559d1677, state=null
15-05-2020 08:28:13.497 [main  /  / / ] INFO  o.s.c.b.c.PropertySourceBootstrapConfiguration.initialize - Located property source: [BootstrapPropertySource {name='bootstrapProperties-configClient'}, BootstrapPropertySource {name='bootstrapProperties-https://github.com/MagarelliC/config-repository.git/application.properties'}]
15-05-2020 08:28:13.855 [main  /  / / ] INFO  i.z.anagrafica.AnagraficaApplication.logStartupProfileInfo - The following profiles are active: svi
15-05-2020 08:28:20.080 [main  /  / / ] INFO  o.s.cloud.context.scope.GenericScope.setSerializationId - BeanFactory id=46b8cc66-2a11-39d4-9e2a-59d16b25d6e2
15-05-2020 08:28:21.268 [main  /  / / ] INFO  o.s.c.s.PostProcessorRegistrationDelegate$BeanPostProcessorChecker.postProcessAfterInitialization - Bean 'spring.sleuth.redis-org.springframework.cloud.sleuth.instrument.redis.TraceRedisProperties' of type [org.springframework.cloud.sleuth.instrument.redis.TraceRedisProperties] is not eligible for getting processed by all BeanPostProcessors (for example: not eligible for auto-proxying)
15-05-2020 08:28:22.735 [main  /  / / ] INFO  o.s.b.w.e.tomcat.TomcatWebServer.initialize - Tomcat initialized with port(s): 8082 (http)
15-05-2020 08:28:22.783 [main  /  / / ] INFO  o.a.coyote.http11.Http11NioProtocol.log - Initializing ProtocolHandler ["http-nio-8082"]
15-05-2020 08:28:22.784 [main  /  / / ] INFO  o.a.catalina.core.StandardService.log - Starting service [Tomcat]
15-05-2020 08:28:22.785 [main  /  / / ] INFO  o.a.catalina.core.StandardEngine.log - Starting Servlet engine: [Apache Tomcat/9.0.33]
15-05-2020 08:28:22.901 [main  /  / / ] INFO  o.a.c.c.C.[Tomcat].[localhost].[/].log - Initializing Spring embedded WebApplicationContext
15-05-2020 08:28:22.902 [main  /  / / ] INFO  o.s.web.context.ContextLoader.prepareWebApplicationContext - Root WebApplicationContext: initialization completed in 8947 ms
15-05-2020 08:28:26.188 [main  /  / / ] DEBUG i.z.a.c.AnagraficaRequestLoggingFilter.init - Filter 'logFilter' configured for use
15-05-2020 08:28:27.434 [main  /  / / ] INFO  o.s.b.a.e.web.EndpointLinksResolver.<init> - Exposing 2 endpoint(s) beneath base path '/actuator'
15-05-2020 08:28:27.737 [main  /  / / ] INFO  s.d.s.w.PropertySourcedRequestMappingHandlerMapping.initHandlerMethods - Mapped URL path [/v2/api-docs] onto method [springfox.documentation.swagger2.web.Swagger2Controller#getDocumentation(String, HttpServletRequest)]
15-05-2020 08:28:28.046 [main  /  / / ] INFO  o.s.s.c.ThreadPoolTaskExecutor.initialize - Initializing ExecutorService 'applicationTaskExecutor'
15-05-2020 08:28:29.686 [main  /  / / ] INFO  s.d.s.w.p.DocumentationPluginsBootstrapper.start - Context refreshed
15-05-2020 08:28:29.702 [main  /  / / ] INFO  s.d.s.w.p.DocumentationPluginsBootstrapper.start - Found 1 custom documentation plugin(s)
15-05-2020 08:28:29.735 [main  /  / / ] INFO  s.d.s.w.s.ApiListingReferenceScanner.scan - Scanning for api listing references
15-05-2020 08:28:29.911 [main  /  / / ] INFO  o.a.coyote.http11.Http11NioProtocol.log - Starting ProtocolHandler ["http-nio-8082"]
15-05-2020 08:28:29.929 [main  /  / / ] INFO  o.a.coyote.http11.Http11NioProtocol.log - Pausing ProtocolHandler ["http-nio-8082"]
15-05-2020 08:28:29.930 [main  /  / / ] INFO  o.a.catalina.core.StandardService.log - Stopping service [Tomcat]
15-05-2020 08:28:29.939 [main  /  / / ] WARN  o.a.c.loader.WebappClassLoaderBase.log - The web application [ROOT] appears to have started a thread named [lettuce-eventExecutorLoop-1-1] but has failed to stop it. This is very likely to create a memory leak. Stack trace of thread:
 java.base@11.0.7/jdk.internal.misc.Unsafe.park(Native Method)
 java.base@11.0.7/java.util.concurrent.locks.LockSupport.parkNanos(LockSupport.java:234)
 java.base@11.0.7/java.util.concurrent.locks.AbstractQueuedSynchronizer$ConditionObject.awaitNanos(AbstractQueuedSynchronizer.java:2123)
 java.base@11.0.7/java.util.concurrent.LinkedBlockingQueue.poll(LinkedBlockingQueue.java:458)
 app//io.netty.util.concurrent.SingleThreadEventExecutor.takeTask(SingleThreadEventExecutor.java:256)
 app//io.netty.util.concurrent.DefaultEventExecutor.run(DefaultEventExecutor.java:64)
 app//io.netty.util.concurrent.SingleThreadEventExecutor$4.run(SingleThreadEventExecutor.java:989)
 app//io.netty.util.internal.ThreadExecutorMap$2.run(ThreadExecutorMap.java:74)
 app//io.netty.util.concurrent.FastThreadLocalRunnable.run(FastThreadLocalRunnable.java:30)
 java.base@11.0.7/java.lang.Thread.run(Thread.java:834)
15-05-2020 08:28:29.940 [main  /  / / ] WARN  o.a.c.loader.WebappClassLoaderBase.log - The web application [ROOT] appears to have started a thread named [lettuce-eventExecutorLoop-1-2] but has failed to stop it. This is very likely to create a memory leak. Stack trace of thread:
 java.base@11.0.7/jdk.internal.misc.Unsafe.park(Native Method)
 java.base@11.0.7/java.util.concurrent.locks.LockSupport.parkNanos(LockSupport.java:234)
 java.base@11.0.7/java.util.concurrent.locks.AbstractQueuedSynchronizer$ConditionObject.awaitNanos(AbstractQueuedSynchronizer.java:2123)
 java.base@11.0.7/java.util.concurrent.LinkedBlockingQueue.poll(LinkedBlockingQueue.java:458)
 app//io.netty.util.concurrent.SingleThreadEventExecutor.takeTask(SingleThreadEventExecutor.java:256)
 app//io.netty.util.concurrent.DefaultEventExecutor.run(DefaultEventExecutor.java:64)
 app//io.netty.util.concurrent.SingleThreadEventExecutor$4.run(SingleThreadEventExecutor.java:989)
 app//io.netty.util.internal.ThreadExecutorMap$2.run(ThreadExecutorMap.java:74)
 app//io.netty.util.concurrent.FastThreadLocalRunnable.run(FastThreadLocalRunnable.java:30)
 java.base@11.0.7/java.lang.Thread.run(Thread.java:834)
15-05-2020 08:28:29.941 [main  /  / / ] WARN  o.a.c.loader.WebappClassLoaderBase.log - The web application [ROOT] appears to have started a thread named [spring.cloud.inetutils] but has failed to stop it. This is very likely to create a memory leak. Stack trace of thread:
 java.base@11.0.7/jdk.internal.misc.Unsafe.park(Native Method)
 java.base@11.0.7/java.util.concurrent.locks.LockSupport.park(LockSupport.java:194)
 java.base@11.0.7/java.util.concurrent.locks.AbstractQueuedSynchronizer$ConditionObject.await(AbstractQueuedSynchronizer.java:2081)
 java.base@11.0.7/java.util.concurrent.LinkedBlockingQueue.take(LinkedBlockingQueue.java:433)
 java.base@11.0.7/java.util.concurrent.ThreadPoolExecutor.getTask(ThreadPoolExecutor.java:1054)
 java.base@11.0.7/java.util.concurrent.ThreadPoolExecutor.runWorker(ThreadPoolExecutor.java:1114)
 java.base@11.0.7/java.util.concurrent.ThreadPoolExecutor$Worker.run(ThreadPoolExecutor.java:628)
 java.base@11.0.7/java.lang.Thread.run(Thread.java:834)
15-05-2020 08:28:29.944 [main  /  / / ] INFO  o.a.coyote.http11.Http11NioProtocol.log - Stopping ProtocolHandler ["http-nio-8082"]
15-05-2020 08:28:29.945 [main  /  / / ] INFO  o.a.coyote.http11.Http11NioProtocol.log - Destroying ProtocolHandler ["http-nio-8082"]
15-05-2020 08:28:29.948 [main  /  / / ] INFO  o.s.b.a.l.ConditionEvaluationReportLoggingListener.logMessage - 

Error starting ApplicationContext. To display the conditions report re-run your application with 'debug' enabled.
15-05-2020 08:28:29.974 [main  /  / / ] WARN  o.s.b.f.s.DisposableBeanAdapter.destroy - Invocation of destroy method failed on bean with name 'tomcatMetricsBinder': java.lang.NullPointerException
15-05-2020 08:28:29.977 [main  /  / / ] INFO  o.s.s.c.ThreadPoolTaskExecutor.shutdown - Shutting down ExecutorService 'applicationTaskExecutor'
15-05-2020 08:28:30.032 [main  /  / / ] ERROR o.s.b.d.LoggingFailureAnalysisReporter.report - 

***************************
APPLICATION FAILED TO START
***************************

Description:

Web server failed to start. Port 8082 was already in use.

Action:

Identify and stop the process that's listening on port 8082 or configure this application to listen on another port.

15-05-2020 08:32:03.738 [http-nio-8082-exec-1 magarellic / 77788889999 / 75f8cafb9ce76336/ d06824bbdd1aed3d] DEBUG i.z.a.c.AnagraficaRequestLoggingFilter.beforeRequest - REQUEST DATA BEFORE :GET /api/anagrafica/E885588, headers=[accept-encoding:"gzip", user-agent:"ReactorNetty/0.9.6.RELEASE", host:"localhost:8082", accept:"*/*", requestid:"77788889999", userid:"magarellic", x-b3-traceid:"75f8cafb9ce76336", x-b3-spanid:"d06824bbdd1aed3d", x-b3-parentspanid:"75f8cafb9ce76336", x-b3-sampled:"0"]]
15-05-2020 08:32:03.769 [http-nio-8082-exec-1 magarellic / 77788889999 / 75f8cafb9ce76336/ d06824bbdd1aed3d] INFO  i.z.a.c.GenericHandlerInterceptor.preHandle - INTERCEPTOR PREHANDLE CALLED
15-05-2020 08:32:03.833 [http-nio-8082-exec-1 magarellic / 77788889999 / 75f8cafb9ce76336/ d06824bbdd1aed3d] INFO  i.z.a.c.AnagraficaController.getCliente - Sono nell' AnagraficaController del service : anagrafica
15-05-2020 08:32:03.834 [http-nio-8082-exec-1 magarellic / 77788889999 / 75f8cafb9ce76336/ d06824bbdd1aed3d] INFO  i.z.a.services.AnagraficaServiceImpl.getAnagrafica - Sono nel AnagraficaServiceImpl del service : quotazione. Common : A common configuration 1
15-05-2020 08:32:03.835 [http-nio-8082-exec-1 magarellic / 77788889999 / 75f8cafb9ce76336/ d06824bbdd1aed3d] INFO  i.z.a.services.AnagraficaServiceImpl.getAnagrafica - Sono nel AnagraficaServiceImpl del service : quotazione. Env : A common env 1
15-05-2020 08:32:03.836 [http-nio-8082-exec-1 magarellic / 77788889999 / 75f8cafb9ce76336/ d06824bbdd1aed3d] INFO  i.z.a.c.AnagraficaController.getCliente - Anagrafica  : E885588
15-05-2020 08:32:03.989 [http-nio-8082-exec-1 magarellic / 77788889999 / 75f8cafb9ce76336/ d06824bbdd1aed3d] INFO  i.z.a.c.GenericHandlerInterceptor.postHandle - INTERCEPTOR POSTHANDLE CALLED
15-05-2020 08:32:03.990 [http-nio-8082-exec-1 magarellic / 77788889999 / 75f8cafb9ce76336/ d06824bbdd1aed3d] INFO  i.z.a.c.GenericHandlerInterceptor.afterCompletion - INTERCEPTOR AFTERCOMPLETION CALLED
15-05-2020 08:32:04.018 [http-nio-8082-exec-1 magarellic / 77788889999 / 75f8cafb9ce76336/ d06824bbdd1aed3d] DEBUG i.z.a.c.AnagraficaRequestLoggingFilter.afterRequest - REQUEST DATA AFTER: GET /api/anagrafica/E885588, headers=[accept-encoding:"gzip", user-agent:"ReactorNetty/0.9.6.RELEASE", host:"localhost:8082", accept:"*/*", requestid:"77788889999", userid:"magarellic", x-b3-traceid:"75f8cafb9ce76336", x-b3-spanid:"d06824bbdd1aed3d", x-b3-parentspanid:"75f8cafb9ce76336", x-b3-sampled:"0"]]
15-05-2020 08:40:40.886 [RMI TCP Connection(24)-127.0.0.1  /  / / ] INFO  o.s.b.a.SpringApplicationAdminMXBeanRegistrar$SpringApplicationAdmin.shutdown - Application shutdown requested.
15-05-2020 08:40:40.930 [RMI TCP Connection(24)-127.0.0.1  /  / / ] INFO  o.s.s.c.ThreadPoolTaskExecutor.shutdown - Shutting down ExecutorService 'applicationTaskExecutor'
15-05-2020 08:40:41.161 [RMI TCP Connection(24)-127.0.0.1  /  / / ] INFO  o.a.coyote.http11.Http11NioProtocol.log - Pausing ProtocolHandler ["http-nio-8082"]
15-05-2020 08:40:41.169 [RMI TCP Connection(24)-127.0.0.1  /  / / ] INFO  o.a.catalina.core.StandardService.log - Stopping service [Tomcat]
15-05-2020 08:40:41.247 [RMI TCP Connection(24)-127.0.0.1  /  / / ] INFO  o.a.c.c.C.[Tomcat].[localhost].[/].log - Destroying Spring FrameworkServlet 'dispatcherServlet'
15-05-2020 08:40:41.282 [RMI TCP Connection(24)-127.0.0.1  /  / / ] INFO  o.a.coyote.http11.Http11NioProtocol.log - Stopping ProtocolHandler ["http-nio-8082"]
15-05-2020 08:40:41.300 [RMI TCP Connection(24)-127.0.0.1  /  / / ] INFO  o.a.coyote.http11.Http11NioProtocol.log - Destroying ProtocolHandler ["http-nio-8082"]
15-05-2020 09:35:13.966 [main  /  / / ] INFO  o.s.c.c.c.ConfigServicePropertySourceLocator.getRemoteEnvironment - Fetching config from server at : http://localhost:8060
15-05-2020 09:35:15.456 [main  /  / / ] INFO  o.s.c.c.c.ConfigServicePropertySourceLocator.log - Located environment: name=anagrafica-service, profiles=[svi], label=null, version=bf892c8a81ea4658f6353710844e2d01559d1677, state=null
15-05-2020 09:35:15.464 [main  /  / / ] INFO  o.s.c.b.c.PropertySourceBootstrapConfiguration.initialize - Located property source: [BootstrapPropertySource {name='bootstrapProperties-configClient'}, BootstrapPropertySource {name='bootstrapProperties-https://github.com/MagarelliC/config-repository.git/application.properties'}]
15-05-2020 09:35:15.640 [main  /  / / ] INFO  i.z.anagrafica.AnagraficaApplication.logStartupProfileInfo - The following profiles are active: svi
15-05-2020 09:35:22.870 [main  /  / / ] INFO  o.s.cloud.context.scope.GenericScope.setSerializationId - BeanFactory id=46b8cc66-2a11-39d4-9e2a-59d16b25d6e2
15-05-2020 09:35:24.241 [main  /  / / ] INFO  o.s.c.s.PostProcessorRegistrationDelegate$BeanPostProcessorChecker.postProcessAfterInitialization - Bean 'spring.sleuth.redis-org.springframework.cloud.sleuth.instrument.redis.TraceRedisProperties' of type [org.springframework.cloud.sleuth.instrument.redis.TraceRedisProperties] is not eligible for getting processed by all BeanPostProcessors (for example: not eligible for auto-proxying)
15-05-2020 09:35:25.648 [main  /  / / ] INFO  o.s.b.w.e.tomcat.TomcatWebServer.initialize - Tomcat initialized with port(s): 8082 (http)
15-05-2020 09:35:25.683 [main  /  / / ] INFO  o.a.coyote.http11.Http11NioProtocol.log - Initializing ProtocolHandler ["http-nio-8082"]
15-05-2020 09:35:25.684 [main  /  / / ] INFO  o.a.catalina.core.StandardService.log - Starting service [Tomcat]
15-05-2020 09:35:25.687 [main  /  / / ] INFO  o.a.catalina.core.StandardEngine.log - Starting Servlet engine: [Apache Tomcat/9.0.33]
15-05-2020 09:35:26.037 [main  /  / / ] INFO  o.a.c.c.C.[Tomcat].[localhost].[/].log - Initializing Spring embedded WebApplicationContext
15-05-2020 09:35:26.038 [main  /  / / ] INFO  o.s.web.context.ContextLoader.prepareWebApplicationContext - Root WebApplicationContext: initialization completed in 10289 ms
15-05-2020 09:35:30.324 [main  /  / / ] DEBUG i.z.a.c.AnagraficaRequestLoggingFilter.init - Filter 'logFilter' configured for use
15-05-2020 09:35:32.581 [main  /  / / ] INFO  o.s.b.a.e.web.EndpointLinksResolver.<init> - Exposing 2 endpoint(s) beneath base path '/actuator'
15-05-2020 09:35:33.332 [main  /  / / ] INFO  s.d.s.w.PropertySourcedRequestMappingHandlerMapping.initHandlerMethods - Mapped URL path [/v2/api-docs] onto method [springfox.documentation.swagger2.web.Swagger2Controller#getDocumentation(String, HttpServletRequest)]
15-05-2020 09:35:34.343 [main  /  / / ] INFO  o.s.s.c.ThreadPoolTaskExecutor.initialize - Initializing ExecutorService 'applicationTaskExecutor'
15-05-2020 09:35:37.971 [main  /  / / ] INFO  s.d.s.w.p.DocumentationPluginsBootstrapper.start - Context refreshed
15-05-2020 09:35:38.091 [main  /  / / ] INFO  s.d.s.w.p.DocumentationPluginsBootstrapper.start - Found 1 custom documentation plugin(s)
15-05-2020 09:35:38.378 [main  /  / / ] INFO  s.d.s.w.s.ApiListingReferenceScanner.scan - Scanning for api listing references
15-05-2020 09:35:38.557 [RMI TCP Connection(3)-127.0.0.1  /  / / ] INFO  o.a.c.c.C.[Tomcat].[localhost].[/].log - Initializing Spring DispatcherServlet 'dispatcherServlet'
15-05-2020 09:35:38.559 [RMI TCP Connection(3)-127.0.0.1  /  / / ] INFO  o.s.web.servlet.DispatcherServlet.initServletBean - Initializing Servlet 'dispatcherServlet'
15-05-2020 09:35:38.680 [RMI TCP Connection(3)-127.0.0.1  /  / / ] INFO  o.s.web.servlet.DispatcherServlet.initServletBean - Completed initialization in 121 ms
15-05-2020 09:35:39.543 [main  /  / / ] INFO  o.a.coyote.http11.Http11NioProtocol.log - Starting ProtocolHandler ["http-nio-8082"]
15-05-2020 09:35:39.782 [main  /  / / ] INFO  o.s.b.w.e.tomcat.TomcatWebServer.start - Tomcat started on port(s): 8082 (http) with context path ''
15-05-2020 09:35:39.982 [main  /  / / ] INFO  i.z.anagrafica.AnagraficaApplication.logStarted - Started AnagraficaApplication in 31.548 seconds (JVM running for 34.712)
15-05-2020 09:40:51.291 [http-nio-8082-exec-1 magarellic / 77788889999 / c048dbed60805c5e/ c27e7d9856054186] DEBUG i.z.a.c.AnagraficaRequestLoggingFilter.beforeRequest - REQUEST DATA BEFORE :GET /api/anagrafica/E885588, headers=[accept-encoding:"gzip", user-agent:"ReactorNetty/0.9.6.RELEASE", host:"localhost:8082", accept:"*/*", requestid:"77788889999", userid:"magarellic", x-b3-traceid:"c048dbed60805c5e", x-b3-spanid:"c27e7d9856054186", x-b3-parentspanid:"c048dbed60805c5e", x-b3-sampled:"0"]]
15-05-2020 09:40:51.333 [http-nio-8082-exec-1 magarellic / 77788889999 / c048dbed60805c5e/ c27e7d9856054186] INFO  i.z.a.c.GenericHandlerInterceptor.preHandle - INTERCEPTOR PREHANDLE CALLED
15-05-2020 09:40:51.429 [http-nio-8082-exec-1 magarellic / 77788889999 / c048dbed60805c5e/ c27e7d9856054186] INFO  i.z.a.c.AnagraficaController.getCliente - Sono nell' AnagraficaController del service : anagrafica
15-05-2020 09:40:51.430 [http-nio-8082-exec-1 magarellic / 77788889999 / c048dbed60805c5e/ c27e7d9856054186] INFO  i.z.a.services.AnagraficaServiceImpl.getAnagrafica - Sono nel AnagraficaServiceImpl del service : anagrafica. Common : A common configuration 1
15-05-2020 09:40:51.430 [http-nio-8082-exec-1 magarellic / 77788889999 / c048dbed60805c5e/ c27e7d9856054186] INFO  i.z.a.services.AnagraficaServiceImpl.getAnagrafica - Sono nel AnagraficaServiceImpl del service : anagrafica. Env : A common env 1
15-05-2020 09:40:51.431 [http-nio-8082-exec-1 magarellic / 77788889999 / c048dbed60805c5e/ c27e7d9856054186] INFO  i.z.a.c.AnagraficaController.getCliente - Anagrafica  : E885588
15-05-2020 09:40:51.544 [http-nio-8082-exec-1 magarellic / 77788889999 / c048dbed60805c5e/ c27e7d9856054186] INFO  i.z.a.c.GenericHandlerInterceptor.postHandle - INTERCEPTOR POSTHANDLE CALLED
15-05-2020 09:40:51.546 [http-nio-8082-exec-1 magarellic / 77788889999 / c048dbed60805c5e/ c27e7d9856054186] INFO  i.z.a.c.GenericHandlerInterceptor.afterCompletion - INTERCEPTOR AFTERCOMPLETION CALLED
15-05-2020 09:40:51.598 [http-nio-8082-exec-1 magarellic / 77788889999 / c048dbed60805c5e/ c27e7d9856054186] DEBUG i.z.a.c.AnagraficaRequestLoggingFilter.afterRequest - REQUEST DATA AFTER: GET /api/anagrafica/E885588, headers=[accept-encoding:"gzip", user-agent:"ReactorNetty/0.9.6.RELEASE", host:"localhost:8082", accept:"*/*", requestid:"77788889999", userid:"magarellic", x-b3-traceid:"c048dbed60805c5e", x-b3-spanid:"c27e7d9856054186", x-b3-parentspanid:"c048dbed60805c5e", x-b3-sampled:"0"]]
15-05-2020 10:19:01.723 [http-nio-8082-exec-3 magarellic / 77788889999 / 312185993a428f37/ 1cca869a9bfec8d3] DEBUG i.z.a.c.AnagraficaRequestLoggingFilter.beforeRequest - REQUEST DATA BEFORE :GET /api/anagrafica/E885588, headers=[accept-encoding:"gzip", user-agent:"ReactorNetty/0.9.6.RELEASE", host:"localhost:8082", accept:"*/*", requestid:"77788889999", userid:"magarellic", x-b3-traceid:"312185993a428f37", x-b3-spanid:"1cca869a9bfec8d3", x-b3-parentspanid:"312185993a428f37", x-b3-sampled:"0"]]
15-05-2020 10:19:01.730 [http-nio-8082-exec-3 magarellic / 77788889999 / 312185993a428f37/ 1cca869a9bfec8d3] INFO  i.z.a.c.GenericHandlerInterceptor.preHandle - INTERCEPTOR PREHANDLE CALLED
15-05-2020 10:19:01.731 [http-nio-8082-exec-3 magarellic / 77788889999 / 312185993a428f37/ 1cca869a9bfec8d3] INFO  i.z.a.c.AnagraficaController.getCliente - Sono nell' AnagraficaController del service : anagrafica
15-05-2020 10:19:01.732 [http-nio-8082-exec-3 magarellic / 77788889999 / 312185993a428f37/ 1cca869a9bfec8d3] INFO  i.z.a.services.AnagraficaServiceImpl.getAnagrafica - Sono nel AnagraficaServiceImpl del service : anagrafica. Common : A common configuration 1
15-05-2020 10:19:01.738 [http-nio-8082-exec-3 magarellic / 77788889999 / 312185993a428f37/ 1cca869a9bfec8d3] INFO  i.z.a.services.AnagraficaServiceImpl.getAnagrafica - Sono nel AnagraficaServiceImpl del service : anagrafica. Env : A common env 1
15-05-2020 10:19:01.739 [http-nio-8082-exec-3 magarellic / 77788889999 / 312185993a428f37/ 1cca869a9bfec8d3] INFO  i.z.a.c.AnagraficaController.getCliente - Anagrafica  : E885588
15-05-2020 10:19:01.777 [http-nio-8082-exec-3 magarellic / 77788889999 / 312185993a428f37/ 1cca869a9bfec8d3] INFO  i.z.a.c.GenericHandlerInterceptor.postHandle - INTERCEPTOR POSTHANDLE CALLED
15-05-2020 10:19:01.777 [http-nio-8082-exec-3 magarellic / 77788889999 / 312185993a428f37/ 1cca869a9bfec8d3] INFO  i.z.a.c.GenericHandlerInterceptor.afterCompletion - INTERCEPTOR AFTERCOMPLETION CALLED
15-05-2020 10:19:01.779 [http-nio-8082-exec-3 magarellic / 77788889999 / 312185993a428f37/ 1cca869a9bfec8d3] DEBUG i.z.a.c.AnagraficaRequestLoggingFilter.afterRequest - REQUEST DATA AFTER: GET /api/anagrafica/E885588, headers=[accept-encoding:"gzip", user-agent:"ReactorNetty/0.9.6.RELEASE", host:"localhost:8082", accept:"*/*", requestid:"77788889999", userid:"magarellic", x-b3-traceid:"312185993a428f37", x-b3-spanid:"1cca869a9bfec8d3", x-b3-parentspanid:"312185993a428f37", x-b3-sampled:"0"]]
15-05-2020 13:04:47.131 [http-nio-8082-exec-5 magarellic / 77788889999 / 1c0a811f36aa1a51/ bfda83377e3bfcd0] DEBUG i.z.a.c.AnagraficaRequestLoggingFilter.beforeRequest - REQUEST DATA BEFORE :GET /api/anagrafica/E885588, headers=[accept-encoding:"gzip", user-agent:"ReactorNetty/0.9.6.RELEASE", host:"localhost:8082", accept:"*/*", requestid:"77788889999", userid:"magarellic", x-b3-traceid:"1c0a811f36aa1a51", x-b3-spanid:"bfda83377e3bfcd0", x-b3-parentspanid:"1c0a811f36aa1a51", x-b3-sampled:"0"]]
15-05-2020 13:04:47.142 [http-nio-8082-exec-5 magarellic / 77788889999 / 1c0a811f36aa1a51/ bfda83377e3bfcd0] INFO  i.z.a.c.GenericHandlerInterceptor.preHandle - INTERCEPTOR PREHANDLE CALLED
15-05-2020 13:04:47.143 [http-nio-8082-exec-5 magarellic / 77788889999 / 1c0a811f36aa1a51/ bfda83377e3bfcd0] INFO  i.z.a.c.AnagraficaController.getCliente - Sono nell' AnagraficaController del service : anagrafica
15-05-2020 13:04:47.144 [http-nio-8082-exec-5 magarellic / 77788889999 / 1c0a811f36aa1a51/ bfda83377e3bfcd0] INFO  i.z.a.services.AnagraficaServiceImpl.getAnagrafica - Sono nel AnagraficaServiceImpl del service : anagrafica. Common : A common configuration 1
15-05-2020 13:04:47.144 [http-nio-8082-exec-5 magarellic / 77788889999 / 1c0a811f36aa1a51/ bfda83377e3bfcd0] INFO  i.z.a.services.AnagraficaServiceImpl.getAnagrafica - Sono nel AnagraficaServiceImpl del service : anagrafica. Env : A common env 1
15-05-2020 13:04:47.144 [http-nio-8082-exec-5 magarellic / 77788889999 / 1c0a811f36aa1a51/ bfda83377e3bfcd0] INFO  i.z.a.c.AnagraficaController.getCliente - Anagrafica  : E885588
15-05-2020 13:04:47.150 [http-nio-8082-exec-5 magarellic / 77788889999 / 1c0a811f36aa1a51/ bfda83377e3bfcd0] INFO  i.z.a.c.GenericHandlerInterceptor.postHandle - INTERCEPTOR POSTHANDLE CALLED
15-05-2020 13:04:47.150 [http-nio-8082-exec-5 magarellic / 77788889999 / 1c0a811f36aa1a51/ bfda83377e3bfcd0] INFO  i.z.a.c.GenericHandlerInterceptor.afterCompletion - INTERCEPTOR AFTERCOMPLETION CALLED
15-05-2020 13:04:47.152 [http-nio-8082-exec-5 magarellic / 77788889999 / 1c0a811f36aa1a51/ bfda83377e3bfcd0] DEBUG i.z.a.c.AnagraficaRequestLoggingFilter.afterRequest - REQUEST DATA AFTER: GET /api/anagrafica/E885588, headers=[accept-encoding:"gzip", user-agent:"ReactorNetty/0.9.6.RELEASE", host:"localhost:8082", accept:"*/*", requestid:"77788889999", userid:"magarellic", x-b3-traceid:"1c0a811f36aa1a51", x-b3-spanid:"bfda83377e3bfcd0", x-b3-parentspanid:"1c0a811f36aa1a51", x-b3-sampled:"0"]]
15-05-2020 15:23:06.794 [RMI TCP Connection(432)-127.0.0.1  /  / / ] INFO  o.s.b.a.SpringApplicationAdminMXBeanRegistrar$SpringApplicationAdmin.shutdown - Application shutdown requested.
15-05-2020 15:23:06.900 [RMI TCP Connection(432)-127.0.0.1  /  / / ] INFO  o.s.s.c.ThreadPoolTaskExecutor.shutdown - Shutting down ExecutorService 'applicationTaskExecutor'
15-05-2020 15:23:06.993 [RMI TCP Connection(432)-127.0.0.1  /  / / ] INFO  o.a.coyote.http11.Http11NioProtocol.log - Pausing ProtocolHandler ["http-nio-8082"]
15-05-2020 15:23:07.001 [RMI TCP Connection(432)-127.0.0.1  /  / / ] INFO  o.a.catalina.core.StandardService.log - Stopping service [Tomcat]
15-05-2020 15:23:07.003 [RMI TCP Connection(432)-127.0.0.1  /  / / ] INFO  o.a.c.c.C.[Tomcat].[localhost].[/].log - Destroying Spring FrameworkServlet 'dispatcherServlet'
15-05-2020 15:23:07.019 [RMI TCP Connection(432)-127.0.0.1  /  / / ] INFO  o.a.coyote.http11.Http11NioProtocol.log - Stopping ProtocolHandler ["http-nio-8082"]
15-05-2020 15:23:07.029 [RMI TCP Connection(432)-127.0.0.1  /  / / ] INFO  o.a.coyote.http11.Http11NioProtocol.log - Destroying ProtocolHandler ["http-nio-8082"]
15-05-2020 15:23:35.674 [main ri:   ui:   ti:   si: ] INFO  o.s.c.c.c.ConfigServicePropertySourceLocator.getRemoteEnvironment - Fetching config from server at : http://localhost:8060
15-05-2020 15:23:36.991 [main ri:   ui:   ti:   si: ] INFO  o.s.c.c.c.ConfigServicePropertySourceLocator.log - Located environment: name=anagrafica-service, profiles=[svi], label=null, version=bf892c8a81ea4658f6353710844e2d01559d1677, state=null
15-05-2020 15:23:36.994 [main ri:   ui:   ti:   si: ] INFO  o.s.c.b.c.PropertySourceBootstrapConfiguration.initialize - Located property source: [BootstrapPropertySource {name='bootstrapProperties-configClient'}, BootstrapPropertySource {name='bootstrapProperties-https://github.com/MagarelliC/config-repository.git/application.properties'}]
15-05-2020 15:23:37.296 [main ri:   ui:   ti:   si: ] INFO  i.z.anagrafica.AnagraficaApplication.logStartupProfileInfo - The following profiles are active: svi
15-05-2020 15:23:42.678 [main ri:   ui:   ti:   si: ] INFO  o.s.cloud.context.scope.GenericScope.setSerializationId - BeanFactory id=46b8cc66-2a11-39d4-9e2a-59d16b25d6e2
15-05-2020 15:23:43.937 [main ri:   ui:   ti:   si: ] INFO  o.s.c.s.PostProcessorRegistrationDelegate$BeanPostProcessorChecker.postProcessAfterInitialization - Bean 'spring.sleuth.redis-org.springframework.cloud.sleuth.instrument.redis.TraceRedisProperties' of type [org.springframework.cloud.sleuth.instrument.redis.TraceRedisProperties] is not eligible for getting processed by all BeanPostProcessors (for example: not eligible for auto-proxying)
15-05-2020 15:23:44.755 [main ri:   ui:   ti:   si: ] INFO  o.s.b.w.e.tomcat.TomcatWebServer.initialize - Tomcat initialized with port(s): 8082 (http)
15-05-2020 15:23:44.762 [main ri:   ui:   ti:   si: ] INFO  o.a.coyote.http11.Http11NioProtocol.log - Initializing ProtocolHandler ["http-nio-8082"]
15-05-2020 15:23:44.763 [main ri:   ui:   ti:   si: ] INFO  o.a.catalina.core.StandardService.log - Starting service [Tomcat]
15-05-2020 15:23:44.763 [main ri:   ui:   ti:   si: ] INFO  o.a.catalina.core.StandardEngine.log - Starting Servlet engine: [Apache Tomcat/9.0.33]
15-05-2020 15:23:44.864 [main ri:   ui:   ti:   si: ] INFO  o.a.c.c.C.[Tomcat].[localhost].[/].log - Initializing Spring embedded WebApplicationContext
15-05-2020 15:23:44.864 [main ri:   ui:   ti:   si: ] INFO  o.s.web.context.ContextLoader.prepareWebApplicationContext - Root WebApplicationContext: initialization completed in 7418 ms
15-05-2020 15:23:46.809 [main ri:   ui:   ti:   si: ] DEBUG i.z.a.c.AnagraficaRequestLoggingFilter.init - Filter 'logFilter' configured for use
15-05-2020 15:23:47.755 [main ri:   ui:   ti:   si: ] INFO  o.s.b.a.e.web.EndpointLinksResolver.<init> - Exposing 2 endpoint(s) beneath base path '/actuator'
15-05-2020 15:23:47.949 [main ri:   ui:   ti:   si: ] INFO  s.d.s.w.PropertySourcedRequestMappingHandlerMapping.initHandlerMethods - Mapped URL path [/v2/api-docs] onto method [springfox.documentation.swagger2.web.Swagger2Controller#getDocumentation(String, HttpServletRequest)]
15-05-2020 15:23:48.461 [main ri:   ui:   ti:   si: ] INFO  o.s.s.c.ThreadPoolTaskExecutor.initialize - Initializing ExecutorService 'applicationTaskExecutor'
15-05-2020 15:23:50.112 [main ri:   ui:   ti:   si: ] INFO  s.d.s.w.p.DocumentationPluginsBootstrapper.start - Context refreshed
15-05-2020 15:23:50.130 [main ri:   ui:   ti:   si: ] INFO  s.d.s.w.p.DocumentationPluginsBootstrapper.start - Found 1 custom documentation plugin(s)
15-05-2020 15:23:50.166 [main ri:   ui:   ti:   si: ] INFO  s.d.s.w.s.ApiListingReferenceScanner.scan - Scanning for api listing references
15-05-2020 15:23:50.400 [main ri:   ui:   ti:   si: ] INFO  o.a.coyote.http11.Http11NioProtocol.log - Starting ProtocolHandler ["http-nio-8082"]
15-05-2020 15:23:50.447 [main ri:   ui:   ti:   si: ] INFO  o.s.b.w.e.tomcat.TomcatWebServer.start - Tomcat started on port(s): 8082 (http) with context path ''
15-05-2020 15:23:50.521 [main ri:   ui:   ti:   si: ] INFO  i.z.anagrafica.AnagraficaApplication.logStarted - Started AnagraficaApplication in 16.972 seconds (JVM running for 18.528)
15-05-2020 15:23:51.937 [RMI TCP Connection(3)-127.0.0.1 ri:   ui:   ti:   si: ] INFO  o.a.c.c.C.[Tomcat].[localhost].[/].log - Initializing Spring DispatcherServlet 'dispatcherServlet'
15-05-2020 15:23:51.939 [RMI TCP Connection(3)-127.0.0.1 ri:   ui:   ti:   si: ] INFO  o.s.web.servlet.DispatcherServlet.initServletBean - Initializing Servlet 'dispatcherServlet'
15-05-2020 15:23:51.964 [RMI TCP Connection(3)-127.0.0.1 ri:   ui:   ti:   si: ] INFO  o.s.web.servlet.DispatcherServlet.initServletBean - Completed initialization in 24 ms
15-05-2020 15:24:11.867 [http-nio-8082-exec-3 ri: 7888974152185412  ui: magarellic  ti: 1c6089404cd802bc  si: 1c6089404cd802bc] DEBUG i.z.a.c.AnagraficaRequestLoggingFilter.beforeRequest - REQUEST DATA BEFORE :GET /api/anagrafica/1111, headers=[requestid:"7888974152185412", userid:"magarellic", user-agent:"PostmanRuntime/7.24.1", accept:"*/*", postman-token:"5de6baee-2aae-4a3d-82c1-6960e2e403bf", host:"localhost:8082", accept-encoding:"gzip, deflate, br", connection:"keep-alive", content-length:"11", Content-Type:"application/json;charset=UTF-8"]]
15-05-2020 15:24:11.897 [http-nio-8082-exec-3 ri: 7888974152185412  ui: magarellic  ti: 1c6089404cd802bc  si: 1c6089404cd802bc] INFO  i.z.a.c.GenericHandlerInterceptor.preHandle - INTERCEPTOR PREHANDLE CALLED
15-05-2020 15:24:11.942 [http-nio-8082-exec-3 ri: 7888974152185412  ui: magarellic  ti: 1c6089404cd802bc  si: 1c6089404cd802bc] INFO  i.z.a.c.AnagraficaController.getCliente - Sono nell' AnagraficaController del service : anagrafica
15-05-2020 15:24:11.942 [http-nio-8082-exec-3 ri: 7888974152185412  ui: magarellic  ti: 1c6089404cd802bc  si: 1c6089404cd802bc] INFO  i.z.a.services.AnagraficaServiceImpl.getAnagrafica - Sono nel AnagraficaServiceImpl del service : anagrafica. Common : A common configuration 1
15-05-2020 15:24:11.943 [http-nio-8082-exec-3 ri: 7888974152185412  ui: magarellic  ti: 1c6089404cd802bc  si: 1c6089404cd802bc] INFO  i.z.a.services.AnagraficaServiceImpl.getAnagrafica - Sono nel AnagraficaServiceImpl del service : anagrafica. Env : A common env 1
15-05-2020 15:24:11.943 [http-nio-8082-exec-3 ri: 7888974152185412  ui: magarellic  ti: 1c6089404cd802bc  si: 1c6089404cd802bc] INFO  i.z.a.c.AnagraficaController.getCliente - Anagrafica  : 1111
15-05-2020 15:24:11.980 [http-nio-8082-exec-3 ri: 7888974152185412  ui: magarellic  ti: 1c6089404cd802bc  si: 1c6089404cd802bc] INFO  i.z.a.c.GenericHandlerInterceptor.postHandle - INTERCEPTOR POSTHANDLE CALLED
15-05-2020 15:24:11.983 [http-nio-8082-exec-3 ri: 7888974152185412  ui: magarellic  ti: 1c6089404cd802bc  si: 1c6089404cd802bc] INFO  i.z.a.c.GenericHandlerInterceptor.afterCompletion - INTERCEPTOR AFTERCOMPLETION CALLED
15-05-2020 15:24:11.988 [http-nio-8082-exec-3 ri: 7888974152185412  ui: magarellic  ti: 1c6089404cd802bc  si: 1c6089404cd802bc] DEBUG i.z.a.c.AnagraficaRequestLoggingFilter.afterRequest - REQUEST DATA AFTER: GET /api/anagrafica/1111, headers=[requestid:"7888974152185412", userid:"magarellic", user-agent:"PostmanRuntime/7.24.1", accept:"*/*", postman-token:"5de6baee-2aae-4a3d-82c1-6960e2e403bf", host:"localhost:8082", accept-encoding:"gzip, deflate, br", connection:"keep-alive", content-length:"11", Content-Type:"application/json;charset=UTF-8"]]
15-05-2020 15:24:47.032 [http-nio-8082-exec-2 ri: 77788889999  ui: magarellic  ti: f60fc2e5b6f948bb  si: 7c31bf1686b1d3c1] DEBUG i.z.a.c.AnagraficaRequestLoggingFilter.beforeRequest - REQUEST DATA BEFORE :GET /api/anagrafica/E885588, headers=[accept-encoding:"gzip", user-agent:"ReactorNetty/0.9.6.RELEASE", host:"localhost:8082", accept:"*/*", requestid:"77788889999", userid:"magarellic", x-b3-traceid:"f60fc2e5b6f948bb", x-b3-spanid:"7c31bf1686b1d3c1", x-b3-parentspanid:"f60fc2e5b6f948bb", x-b3-sampled:"0", Content-Type:"application/json;charset=UTF-8"]]
15-05-2020 15:24:47.069 [http-nio-8082-exec-2 ri: 77788889999  ui: magarellic  ti: f60fc2e5b6f948bb  si: 7c31bf1686b1d3c1] INFO  i.z.a.c.GenericHandlerInterceptor.preHandle - INTERCEPTOR PREHANDLE CALLED
15-05-2020 15:24:47.072 [http-nio-8082-exec-2 ri: 77788889999  ui: magarellic  ti: f60fc2e5b6f948bb  si: 7c31bf1686b1d3c1] INFO  i.z.a.c.AnagraficaController.getCliente - Sono nell' AnagraficaController del service : anagrafica
15-05-2020 15:24:47.081 [http-nio-8082-exec-2 ri: 77788889999  ui: magarellic  ti: f60fc2e5b6f948bb  si: 7c31bf1686b1d3c1] INFO  i.z.a.services.AnagraficaServiceImpl.getAnagrafica - Sono nel AnagraficaServiceImpl del service : anagrafica. Common : A common configuration 1
15-05-2020 15:24:47.082 [http-nio-8082-exec-2 ri: 77788889999  ui: magarellic  ti: f60fc2e5b6f948bb  si: 7c31bf1686b1d3c1] INFO  i.z.a.services.AnagraficaServiceImpl.getAnagrafica - Sono nel AnagraficaServiceImpl del service : anagrafica. Env : A common env 1
15-05-2020 15:24:47.082 [http-nio-8082-exec-2 ri: 77788889999  ui: magarellic  ti: f60fc2e5b6f948bb  si: 7c31bf1686b1d3c1] INFO  i.z.a.c.AnagraficaController.getCliente - Anagrafica  : E885588
15-05-2020 15:24:47.117 [http-nio-8082-exec-2 ri: 77788889999  ui: magarellic  ti: f60fc2e5b6f948bb  si: 7c31bf1686b1d3c1] INFO  i.z.a.c.GenericHandlerInterceptor.postHandle - INTERCEPTOR POSTHANDLE CALLED
15-05-2020 15:24:47.117 [http-nio-8082-exec-2 ri: 77788889999  ui: magarellic  ti: f60fc2e5b6f948bb  si: 7c31bf1686b1d3c1] INFO  i.z.a.c.GenericHandlerInterceptor.afterCompletion - INTERCEPTOR AFTERCOMPLETION CALLED
15-05-2020 15:24:47.118 [http-nio-8082-exec-2 ri: 77788889999  ui: magarellic  ti: f60fc2e5b6f948bb  si: 7c31bf1686b1d3c1] DEBUG i.z.a.c.AnagraficaRequestLoggingFilter.afterRequest - REQUEST DATA AFTER: GET /api/anagrafica/E885588, headers=[accept-encoding:"gzip", user-agent:"ReactorNetty/0.9.6.RELEASE", host:"localhost:8082", accept:"*/*", requestid:"77788889999", userid:"magarellic", x-b3-traceid:"f60fc2e5b6f948bb", x-b3-spanid:"7c31bf1686b1d3c1", x-b3-parentspanid:"f60fc2e5b6f948bb", x-b3-sampled:"0", Content-Type:"application/json;charset=UTF-8"]]
15-05-2020 17:11:47.955 [RMI TCP Connection(137)-127.0.0.1 ri:   ui:   ti:   si: ] INFO  o.s.b.a.SpringApplicationAdminMXBeanRegistrar$SpringApplicationAdmin.shutdown - Application shutdown requested.
15-05-2020 17:11:48.022 [RMI TCP Connection(137)-127.0.0.1 ri:   ui:   ti:   si: ] INFO  o.s.s.c.ThreadPoolTaskExecutor.shutdown - Shutting down ExecutorService 'applicationTaskExecutor'
15-05-2020 17:11:48.068 [RMI TCP Connection(137)-127.0.0.1 ri:   ui:   ti:   si: ] INFO  o.a.coyote.http11.Http11NioProtocol.log - Pausing ProtocolHandler ["http-nio-8082"]
15-05-2020 17:11:48.086 [RMI TCP Connection(137)-127.0.0.1 ri:   ui:   ti:   si: ] INFO  o.a.catalina.core.StandardService.log - Stopping service [Tomcat]
15-05-2020 17:11:48.110 [RMI TCP Connection(137)-127.0.0.1 ri:   ui:   ti:   si: ] INFO  o.a.c.c.C.[Tomcat].[localhost].[/].log - Destroying Spring FrameworkServlet 'dispatcherServlet'
15-05-2020 17:11:48.138 [RMI TCP Connection(137)-127.0.0.1 ri:   ui:   ti:   si: ] INFO  o.a.coyote.http11.Http11NioProtocol.log - Stopping ProtocolHandler ["http-nio-8082"]
15-05-2020 17:11:48.166 [RMI TCP Connection(137)-127.0.0.1 ri:   ui:   ti:   si: ] INFO  o.a.coyote.http11.Http11NioProtocol.log - Destroying ProtocolHandler ["http-nio-8082"]
15-05-2020 17:12:06.693 [main ri:   ui:   ti:   si: ] INFO  o.s.c.c.c.ConfigServicePropertySourceLocator.getRemoteEnvironment - Fetching config from server at : http://localhost:8060
15-05-2020 17:12:07.981 [main ri:   ui:   ti:   si: ] INFO  o.s.c.c.c.ConfigServicePropertySourceLocator.log - Located environment: name=anagrafica-service, profiles=[svi], label=null, version=32a06c6b33630a5dd1f5baa2be1e9cc733115909, state=null
15-05-2020 17:12:07.988 [main ri:   ui:   ti:   si: ] INFO  o.s.c.b.c.PropertySourceBootstrapConfiguration.initialize - Located property source: [BootstrapPropertySource {name='bootstrapProperties-configClient'}, BootstrapPropertySource {name='bootstrapProperties-https://github.com/MagarelliC/config-repository.git/application.properties'}]
15-05-2020 17:12:08.203 [main ri:   ui:   ti:   si: ] INFO  i.z.anagrafica.AnagraficaApplication.logStartupProfileInfo - The following profiles are active: svi
15-05-2020 17:12:12.806 [main ri:   ui:   ti:   si: ] INFO  o.s.cloud.context.scope.GenericScope.setSerializationId - BeanFactory id=46b8cc66-2a11-39d4-9e2a-59d16b25d6e2
15-05-2020 17:12:13.547 [main ri:   ui:   ti:   si: ] INFO  o.s.c.s.PostProcessorRegistrationDelegate$BeanPostProcessorChecker.postProcessAfterInitialization - Bean 'spring.sleuth.redis-org.springframework.cloud.sleuth.instrument.redis.TraceRedisProperties' of type [org.springframework.cloud.sleuth.instrument.redis.TraceRedisProperties] is not eligible for getting processed by all BeanPostProcessors (for example: not eligible for auto-proxying)
15-05-2020 17:12:14.264 [main ri:   ui:   ti:   si: ] INFO  o.s.b.w.e.tomcat.TomcatWebServer.initialize - Tomcat initialized with port(s): 8082 (http)
15-05-2020 17:12:14.282 [main ri:   ui:   ti:   si: ] INFO  o.a.coyote.http11.Http11NioProtocol.log - Initializing ProtocolHandler ["http-nio-8082"]
15-05-2020 17:12:14.284 [main ri:   ui:   ti:   si: ] INFO  o.a.catalina.core.StandardService.log - Starting service [Tomcat]
15-05-2020 17:12:14.285 [main ri:   ui:   ti:   si: ] INFO  o.a.catalina.core.StandardEngine.log - Starting Servlet engine: [Apache Tomcat/9.0.33]
15-05-2020 17:12:14.522 [main ri:   ui:   ti:   si: ] INFO  o.a.c.c.C.[Tomcat].[localhost].[/].log - Initializing Spring embedded WebApplicationContext
15-05-2020 17:12:14.523 [main ri:   ui:   ti:   si: ] INFO  o.s.web.context.ContextLoader.prepareWebApplicationContext - Root WebApplicationContext: initialization completed in 6296 ms
15-05-2020 17:12:16.990 [main ri:   ui:   ti:   si: ] DEBUG i.z.a.c.AnagraficaRequestLoggingFilter.init - Filter 'logFilter' configured for use
15-05-2020 17:12:18.849 [main ri:   ui:   ti:   si: ] INFO  o.s.b.a.e.web.EndpointLinksResolver.<init> - Exposing 2 endpoint(s) beneath base path '/actuator'
15-05-2020 17:12:19.311 [main ri:   ui:   ti:   si: ] INFO  s.d.s.w.PropertySourcedRequestMappingHandlerMapping.initHandlerMethods - Mapped URL path [/v2/api-docs] onto method [springfox.documentation.swagger2.web.Swagger2Controller#getDocumentation(String, HttpServletRequest)]
15-05-2020 17:12:19.998 [main ri:   ui:   ti:   si: ] INFO  o.s.s.c.ThreadPoolTaskExecutor.initialize - Initializing ExecutorService 'applicationTaskExecutor'
15-05-2020 17:12:22.427 [RMI TCP Connection(1)-127.0.0.1 ri:   ui:   ti:   si: ] INFO  o.a.c.c.C.[Tomcat].[localhost].[/].log - Initializing Spring DispatcherServlet 'dispatcherServlet'
15-05-2020 17:12:22.429 [RMI TCP Connection(1)-127.0.0.1 ri:   ui:   ti:   si: ] INFO  o.s.web.servlet.DispatcherServlet.initServletBean - Initializing Servlet 'dispatcherServlet'
15-05-2020 17:12:22.559 [RMI TCP Connection(1)-127.0.0.1 ri:   ui:   ti:   si: ] INFO  o.s.web.servlet.DispatcherServlet.initServletBean - Completed initialization in 129 ms
15-05-2020 17:12:22.745 [main ri:   ui:   ti:   si: ] INFO  s.d.s.w.p.DocumentationPluginsBootstrapper.start - Context refreshed
15-05-2020 17:12:22.811 [main ri:   ui:   ti:   si: ] INFO  s.d.s.w.p.DocumentationPluginsBootstrapper.start - Found 1 custom documentation plugin(s)
15-05-2020 17:12:22.940 [main ri:   ui:   ti:   si: ] INFO  s.d.s.w.s.ApiListingReferenceScanner.scan - Scanning for api listing references
15-05-2020 17:12:23.188 [main ri:   ui:   ti:   si: ] INFO  o.a.coyote.http11.Http11NioProtocol.log - Starting ProtocolHandler ["http-nio-8082"]
15-05-2020 17:12:23.210 [main ri:   ui:   ti:   si: ] INFO  o.s.b.w.e.tomcat.TomcatWebServer.start - Tomcat started on port(s): 8082 (http) with context path ''
15-05-2020 17:12:23.266 [main ri:   ui:   ti:   si: ] INFO  i.z.anagrafica.AnagraficaApplication.logStarted - Started AnagraficaApplication in 19.492 seconds (JVM running for 21.541)
