16-05-2020 10:37:24.160 [main ri:   ui:   ti:   si: ] INFO  o.s.c.c.c.ConfigServicePropertySourceLocator.getRemoteEnvironment - Fetching config from server at : http://localhost:8060
16-05-2020 10:37:28.111 [main ri:   ui:   ti:   si: ] INFO  o.s.c.c.c.ConfigServicePropertySourceLocator.log - Located environment: name=quotazione-service, profiles=[svi], label=null, version=32a06c6b33630a5dd1f5baa2be1e9cc733115909, state=null
16-05-2020 10:37:28.119 [main ri:   ui:   ti:   si: ] INFO  o.s.c.b.c.PropertySourceBootstrapConfiguration.initialize - Located property source: [BootstrapPropertySource {name='bootstrapProperties-configClient'}, BootstrapPropertySource {name='bootstrapProperties-https://github.com/MagarelliC/config-repository.git/application.properties'}]
16-05-2020 10:37:28.441 [main ri:   ui:   ti:   si: ] INFO  i.z.quotazione.QuotazioneApplication.logStartupProfileInfo - The following profiles are active: svi
16-05-2020 10:37:33.715 [main ri:   ui:   ti:   si: ] INFO  o.s.cloud.context.scope.GenericScope.setSerializationId - BeanFactory id=f5686f14-c584-397e-88df-83451f95bb64
16-05-2020 10:37:37.300 [main ri:   ui:   ti:   si: ] INFO  o.s.b.w.e.tomcat.TomcatWebServer.initialize - Tomcat initialized with port(s): 8081 (http)
16-05-2020 10:37:37.333 [main ri:   ui:   ti:   si: ] INFO  o.a.coyote.http11.Http11NioProtocol.log - Initializing ProtocolHandler ["http-nio-8081"]
16-05-2020 10:37:37.334 [main ri:   ui:   ti:   si: ] INFO  o.a.catalina.core.StandardService.log - Starting service [Tomcat]
16-05-2020 10:37:37.335 [main ri:   ui:   ti:   si: ] INFO  o.a.catalina.core.StandardEngine.log - Starting Servlet engine: [Apache Tomcat/9.0.33]
16-05-2020 10:37:38.023 [main ri:   ui:   ti:   si: ] INFO  o.a.c.c.C.[Tomcat].[localhost].[/].log - Initializing Spring embedded WebApplicationContext
16-05-2020 10:37:38.024 [main ri:   ui:   ti:   si: ] INFO  o.s.web.context.ContextLoader.prepareWebApplicationContext - Root WebApplicationContext: initialization completed in 9406 ms
16-05-2020 10:37:41.961 [main ri:   ui:   ti:   si: ] DEBUG i.z.q.c.QuotazioneRequestLoggingFilter.init - Filter 'logFilter' configured for use
16-05-2020 10:37:45.151 [main ri:   ui:   ti:   si: ] INFO  o.s.b.a.e.web.EndpointLinksResolver.<init> - Exposing 15 endpoint(s) beneath base path '/actuator'
16-05-2020 10:37:46.212 [main ri:   ui:   ti:   si: ] INFO  s.d.s.w.PropertySourcedRequestMappingHandlerMapping.initHandlerMethods - Mapped URL path [/v2/api-docs] onto method [springfox.documentation.swagger2.web.Swagger2Controller#getDocumentation(String, HttpServletRequest)]
16-05-2020 10:37:48.143 [main ri:   ui:   ti:   si: ] INFO  o.s.s.c.ThreadPoolTaskExecutor.initialize - Initializing ExecutorService 'applicationTaskExecutor'
16-05-2020 10:37:51.009 [RMI TCP Connection(4)-127.0.0.1 ri:   ui:   ti:   si: ] INFO  o.a.c.c.C.[Tomcat].[localhost].[/].log - Initializing Spring DispatcherServlet 'dispatcherServlet'
16-05-2020 10:37:51.033 [RMI TCP Connection(4)-127.0.0.1 ri:   ui:   ti:   si: ] INFO  o.s.web.servlet.DispatcherServlet.initServletBean - Initializing Servlet 'dispatcherServlet'
16-05-2020 10:37:51.194 [RMI TCP Connection(4)-127.0.0.1 ri:   ui:   ti:   si: ] INFO  o.s.web.servlet.DispatcherServlet.initServletBean - Completed initialization in 161 ms
16-05-2020 10:37:51.361 [main ri:   ui:   ti:   si: ] INFO  s.d.s.w.p.DocumentationPluginsBootstrapper.start - Context refreshed
16-05-2020 10:37:51.494 [main ri:   ui:   ti:   si: ] INFO  s.d.s.w.p.DocumentationPluginsBootstrapper.start - Found 1 custom documentation plugin(s)
16-05-2020 10:37:51.819 [main ri:   ui:   ti:   si: ] INFO  s.d.s.w.s.ApiListingReferenceScanner.scan - Scanning for api listing references
16-05-2020 10:37:52.645 [main ri:   ui:   ti:   si: ] INFO  o.a.coyote.http11.Http11NioProtocol.log - Starting ProtocolHandler ["http-nio-8081"]
16-05-2020 10:37:52.714 [main ri:   ui:   ti:   si: ] INFO  o.s.b.w.e.tomcat.TomcatWebServer.start - Tomcat started on port(s): 8081 (http) with context path ''
16-05-2020 10:37:52.895 [main ri:   ui:   ti:   si: ] INFO  i.z.quotazione.QuotazioneApplication.logStarted - Started QuotazioneApplication in 36.147 seconds (JVM running for 39.02)
16-05-2020 10:38:08.194 [http-nio-8081-exec-2 ri: 77788889999  ui: magarellic  ti: 1bb4e1bc85985cfc  si: 1bb4e1bc85985cfc] DEBUG i.z.q.c.QuotazioneRequestLoggingFilter.beforeRequest - REQUEST DATA BEFORE :GET /api/quotazione/callAnagrafica/E885588, headers=[requestid:"77788889999", userid:"magarellic", user-agent:"PostmanRuntime/7.24.1", accept:"*/*", postman-token:"e6609abe-275e-41a1-9f92-ba670824632d", host:"localhost:8081", accept-encoding:"gzip, deflate, br", connection:"keep-alive"]]
16-05-2020 10:38:08.277 [http-nio-8081-exec-2 ri: 77788889999  ui: magarellic  ti: 1bb4e1bc85985cfc  si: 1bb4e1bc85985cfc] INFO  i.z.q.c.GenericHandlerInterceptor.preHandle - INTERCEPTOR PREHANDLE CALLED
16-05-2020 10:38:08.381 [http-nio-8081-exec-2 ri: 77788889999  ui: magarellic  ti: 1bb4e1bc85985cfc  si: 1bb4e1bc85985cfc] INFO  i.z.q.services.QuotazioneServiceImpl.getCliente - Sono nel QuotazioneServiceImpl del service : quotazione. Request ID : 77788889999
16-05-2020 10:38:08.382 [http-nio-8081-exec-2 ri: 77788889999  ui: magarellic  ti: 1bb4e1bc85985cfc  si: 1bb4e1bc85985cfc] INFO  i.z.q.services.QuotazioneServiceImpl.getCliente - Sono nel QuotazioneServiceImpl del service : quotazione. User ID : magarellic
16-05-2020 10:38:08.383 [http-nio-8081-exec-2 ri: 77788889999  ui: magarellic  ti: 1bb4e1bc85985cfc  si: 1bb4e1bc85985cfc] INFO  i.z.q.services.QuotazioneServiceImpl.getCliente - Sono nel QuotazioneServiceImpl del service : quotazione. Common : A common configuration 1
16-05-2020 10:38:08.383 [http-nio-8081-exec-2 ri: 77788889999  ui: magarellic  ti: 1bb4e1bc85985cfc  si: 1bb4e1bc85985cfc] INFO  i.z.q.services.QuotazioneServiceImpl.getCliente - Sono nel QuotazioneServiceImpl del service : quotazione. Env : A common env 1
16-05-2020 10:38:08.714 [http-nio-8081-exec-2 ri: 77788889999  ui: magarellic  ti: 1bb4e1bc85985cfc  si: 1bb4e1bc85985cfc] INFO  i.z.quotazione.services.BaseService.lambda$0 - MICROSERVICE BE REQUEST GET http://localhost:8082/api/anagrafica/E885588
16-05-2020 10:38:08.851 [http-nio-8081-exec-2 ri: 77788889999  ui: magarellic  ti: 1bb4e1bc85985cfc  si: 1bb4e1bc85985cfc] INFO  i.z.quotazione.services.BaseService.lambda$0 - MICROSERVICE BE REQUEST GET http://localhost:8082/api/anagrafica/E885588
16-05-2020 10:38:11.390 [http-nio-8081-exec-2 ri: 77788889999  ui: magarellic  ti: 1bb4e1bc85985cfc  si: 1bb4e1bc85985cfc] INFO  i.z.q.c.GenericHandlerInterceptor.afterCompletion - INTERCEPTOR AFTERCOMPLETION CALLED
16-05-2020 10:38:11.416 [http-nio-8081-exec-2 ri: 77788889999  ui: magarellic  ti: 1bb4e1bc85985cfc  si: 1bb4e1bc85985cfc] DEBUG i.z.q.c.QuotazioneRequestLoggingFilter.afterRequest - REQUEST DATA AFTER: GET /api/quotazione/callAnagrafica/E885588, headers=[requestid:"77788889999", userid:"magarellic", user-agent:"PostmanRuntime/7.24.1", accept:"*/*", postman-token:"e6609abe-275e-41a1-9f92-ba670824632d", host:"localhost:8081", accept-encoding:"gzip, deflate, br", connection:"keep-alive"]]
16-05-2020 10:38:11.428 [http-nio-8081-exec-2 ri: 77788889999  ui: magarellic  ti: 1bb4e1bc85985cfc  si: 1bb4e1bc85985cfc] ERROR o.s.c.s.i.web.ExceptionLoggingFilter.doFilter - Uncaught exception thrown
org.springframework.web.util.NestedServletException: Request processing failed; nested exception is reactor.core.Exceptions$ReactiveException: io.netty.channel.AbstractChannel$AnnotatedConnectException: finishConnect(..) failed: Connection refused: localhost/127.0.0.1:8082
	at org.springframework.web.servlet.FrameworkServlet.processRequest(FrameworkServlet.java:1014)
	at org.springframework.web.servlet.FrameworkServlet.doGet(FrameworkServlet.java:898)
	at javax.servlet.http.HttpServlet.service(HttpServlet.java:634)
	at org.springframework.web.servlet.FrameworkServlet.service(FrameworkServlet.java:883)
	at javax.servlet.http.HttpServlet.service(HttpServlet.java:741)
	at org.apache.catalina.core.ApplicationFilterChain.internalDoFilter(ApplicationFilterChain.java:231)
	at org.apache.catalina.core.ApplicationFilterChain.doFilter(ApplicationFilterChain.java:166)
	at org.apache.tomcat.websocket.server.WsFilter.doFilter(WsFilter.java:53)
	at org.apache.catalina.core.ApplicationFilterChain.internalDoFilter(ApplicationFilterChain.java:193)
	at org.apache.catalina.core.ApplicationFilterChain.doFilter(ApplicationFilterChain.java:166)
	at brave.servlet.TracingFilter.doFilter(TracingFilter.java:67)
	at org.apache.catalina.core.ApplicationFilterChain.internalDoFilter(ApplicationFilterChain.java:193)
	at org.apache.catalina.core.ApplicationFilterChain.doFilter(ApplicationFilterChain.java:166)
	at org.springframework.web.filter.AbstractRequestLoggingFilter.doFilterInternal(AbstractRequestLoggingFilter.java:289)
	at org.springframework.web.filter.OncePerRequestFilter.doFilter(OncePerRequestFilter.java:119)
	at org.apache.catalina.core.ApplicationFilterChain.internalDoFilter(ApplicationFilterChain.java:193)
	at org.apache.catalina.core.ApplicationFilterChain.doFilter(ApplicationFilterChain.java:166)
	at org.springframework.web.filter.RequestContextFilter.doFilterInternal(RequestContextFilter.java:100)
	at org.springframework.web.filter.OncePerRequestFilter.doFilter(OncePerRequestFilter.java:119)
	at org.apache.catalina.core.ApplicationFilterChain.internalDoFilter(ApplicationFilterChain.java:193)
	at org.apache.catalina.core.ApplicationFilterChain.doFilter(ApplicationFilterChain.java:166)
	at org.springframework.web.filter.FormContentFilter.doFilterInternal(FormContentFilter.java:93)
	at org.springframework.web.filter.OncePerRequestFilter.doFilter(OncePerRequestFilter.java:119)
	at org.apache.catalina.core.ApplicationFilterChain.internalDoFilter(ApplicationFilterChain.java:193)
	at org.apache.catalina.core.ApplicationFilterChain.doFilter(ApplicationFilterChain.java:166)
	at org.springframework.cloud.sleuth.instrument.web.ExceptionLoggingFilter.doFilter(ExceptionLoggingFilter.java:50)
	at org.apache.catalina.core.ApplicationFilterChain.internalDoFilter(ApplicationFilterChain.java:193)
	at org.apache.catalina.core.ApplicationFilterChain.doFilter(ApplicationFilterChain.java:166)
	at brave.servlet.TracingFilter.doFilter(TracingFilter.java:84)
	at org.springframework.cloud.sleuth.instrument.web.LazyTracingFilter.doFilter(TraceWebServletAutoConfiguration.java:138)
	at org.apache.catalina.core.ApplicationFilterChain.internalDoFilter(ApplicationFilterChain.java:193)
	at org.apache.catalina.core.ApplicationFilterChain.doFilter(ApplicationFilterChain.java:166)
	at org.springframework.boot.actuate.metrics.web.servlet.WebMvcMetricsFilter.doFilterInternal(WebMvcMetricsFilter.java:109)
	at org.springframework.web.filter.OncePerRequestFilter.doFilter(OncePerRequestFilter.java:119)
	at org.apache.catalina.core.ApplicationFilterChain.internalDoFilter(ApplicationFilterChain.java:193)
	at org.apache.catalina.core.ApplicationFilterChain.doFilter(ApplicationFilterChain.java:166)
	at org.springframework.web.filter.CharacterEncodingFilter.doFilterInternal(CharacterEncodingFilter.java:201)
	at org.springframework.web.filter.OncePerRequestFilter.doFilter(OncePerRequestFilter.java:119)
	at org.apache.catalina.core.ApplicationFilterChain.internalDoFilter(ApplicationFilterChain.java:193)
	at org.apache.catalina.core.ApplicationFilterChain.doFilter(ApplicationFilterChain.java:166)
	at org.apache.catalina.core.StandardWrapperValve.invoke(StandardWrapperValve.java:202)
	at org.apache.catalina.core.StandardContextValve.invoke(StandardContextValve.java:96)
	at org.apache.catalina.authenticator.AuthenticatorBase.invoke(AuthenticatorBase.java:541)
	at org.apache.catalina.core.StandardHostValve.invoke(StandardHostValve.java:139)
	at org.apache.catalina.valves.ErrorReportValve.invoke(ErrorReportValve.java:92)
	at org.apache.catalina.core.StandardEngineValve.invoke(StandardEngineValve.java:74)
	at org.apache.catalina.connector.CoyoteAdapter.service(CoyoteAdapter.java:343)
	at org.apache.coyote.http11.Http11Processor.service(Http11Processor.java:373)
	at org.apache.coyote.AbstractProcessorLight.process(AbstractProcessorLight.java:65)
	at org.apache.coyote.AbstractProtocol$ConnectionHandler.process(AbstractProtocol.java:868)
	at org.apache.tomcat.util.net.NioEndpoint$SocketProcessor.doRun(NioEndpoint.java:1594)
	at org.apache.tomcat.util.net.SocketProcessorBase.run(SocketProcessorBase.java:49)
	at java.base/java.util.concurrent.ThreadPoolExecutor.runWorker(ThreadPoolExecutor.java:1128)
	at java.base/java.util.concurrent.ThreadPoolExecutor$Worker.run(ThreadPoolExecutor.java:628)
	at org.apache.tomcat.util.threads.TaskThread$WrappingRunnable.run(TaskThread.java:61)
	at java.base/java.lang.Thread.run(Thread.java:834)
Caused by: reactor.core.Exceptions$ReactiveException: io.netty.channel.AbstractChannel$AnnotatedConnectException: finishConnect(..) failed: Connection refused: localhost/127.0.0.1:8082
	at reactor.core.Exceptions.propagate(Exceptions.java:393)
	at reactor.core.publisher.BlockingSingleSubscriber.blockingGet(BlockingSingleSubscriber.java:97)
	at reactor.core.publisher.Mono.block(Mono.java:1666)
	at it.zurich.quotazione.services.QuotazioneServiceImpl.getCliente(QuotazioneServiceImpl.java:69)
	at it.zurich.quotazione.controllers.QuotazioneController.getCliente(QuotazioneController.java:53)
	at java.base/jdk.internal.reflect.NativeMethodAccessorImpl.invoke0(Native Method)
	at java.base/jdk.internal.reflect.NativeMethodAccessorImpl.invoke(NativeMethodAccessorImpl.java:62)
	at java.base/jdk.internal.reflect.DelegatingMethodAccessorImpl.invoke(DelegatingMethodAccessorImpl.java:43)
	at java.base/java.lang.reflect.Method.invoke(Method.java:566)
	at org.springframework.web.method.support.InvocableHandlerMethod.doInvoke(InvocableHandlerMethod.java:190)
	at org.springframework.web.method.support.InvocableHandlerMethod.invokeForRequest(InvocableHandlerMethod.java:138)
	at org.springframework.web.servlet.mvc.method.annotation.ServletInvocableHandlerMethod.invokeAndHandle(ServletInvocableHandlerMethod.java:105)
	at org.springframework.web.servlet.mvc.method.annotation.RequestMappingHandlerAdapter.invokeHandlerMethod(RequestMappingHandlerAdapter.java:879)
	at org.springframework.web.servlet.mvc.method.annotation.RequestMappingHandlerAdapter.handleInternal(RequestMappingHandlerAdapter.java:793)
	at org.springframework.web.servlet.mvc.method.AbstractHandlerMethodAdapter.handle(AbstractHandlerMethodAdapter.java:87)
	at org.springframework.web.servlet.DispatcherServlet.doDispatch(DispatcherServlet.java:1040)
	at org.springframework.web.servlet.DispatcherServlet.doService(DispatcherServlet.java:943)
	at org.springframework.web.servlet.FrameworkServlet.processRequest(FrameworkServlet.java:1006)
	... 55 common frames omitted
	Suppressed: java.lang.Exception: #block terminated with an error
		at reactor.core.publisher.BlockingSingleSubscriber.blockingGet(BlockingSingleSubscriber.java:99)
		... 71 common frames omitted
Caused by: io.netty.channel.AbstractChannel$AnnotatedConnectException: finishConnect(..) failed: Connection refused: localhost/127.0.0.1:8082
	Suppressed: reactor.core.publisher.FluxOnAssembly$OnAssemblyException: 
Error has been observed at the following site(s):
	|_ checkpoint ⇢ Request to GET http://localhost:8082/api/anagrafica/E885588 [DefaultWebClient]
Stack trace:
Caused by: java.net.ConnectException: finishConnect(..) failed: Connection refused
	at io.netty.channel.unix.Errors.throwConnectException(Errors.java:124)
	at io.netty.channel.unix.Socket.finishConnect(Socket.java:243)
	at io.netty.channel.epoll.AbstractEpollChannel$AbstractEpollUnsafe.doFinishConnect(AbstractEpollChannel.java:672)
	at io.netty.channel.epoll.AbstractEpollChannel$AbstractEpollUnsafe.finishConnect(AbstractEpollChannel.java:649)
	at io.netty.channel.epoll.AbstractEpollChannel$AbstractEpollUnsafe.epollOutReady(AbstractEpollChannel.java:529)
	at io.netty.channel.epoll.EpollEventLoop.processReady(EpollEventLoop.java:465)
	at io.netty.channel.epoll.EpollEventLoop.run(EpollEventLoop.java:378)
	at io.netty.util.concurrent.SingleThreadEventExecutor$4.run(SingleThreadEventExecutor.java:989)
	at io.netty.util.internal.ThreadExecutorMap$2.run(ThreadExecutorMap.java:74)
	at io.netty.util.concurrent.FastThreadLocalRunnable.run(FastThreadLocalRunnable.java:30)
	at java.base/java.lang.Thread.run(Thread.java:834)
16-05-2020 10:38:11.469 [http-nio-8081-exec-2 ri: 77788889999  ui: magarellic  ti:   si: ] ERROR o.a.c.c.C.[.[.[.[dispatcherServlet].log - Servlet.service() for servlet [dispatcherServlet] in context with path [] threw exception [Request processing failed; nested exception is reactor.core.Exceptions$ReactiveException: io.netty.channel.AbstractChannel$AnnotatedConnectException: finishConnect(..) failed: Connection refused: localhost/127.0.0.1:8082] with root cause
java.net.ConnectException: finishConnect(..) failed: Connection refused
	at io.netty.channel.unix.Errors.throwConnectException(Errors.java:124)
	at io.netty.channel.unix.Socket.finishConnect(Socket.java:243)
	at io.netty.channel.epoll.AbstractEpollChannel$AbstractEpollUnsafe.doFinishConnect(AbstractEpollChannel.java:672)
	at io.netty.channel.epoll.AbstractEpollChannel$AbstractEpollUnsafe.finishConnect(AbstractEpollChannel.java:649)
	at io.netty.channel.epoll.AbstractEpollChannel$AbstractEpollUnsafe.epollOutReady(AbstractEpollChannel.java:529)
	at io.netty.channel.epoll.EpollEventLoop.processReady(EpollEventLoop.java:465)
	at io.netty.channel.epoll.EpollEventLoop.run(EpollEventLoop.java:378)
	at io.netty.util.concurrent.SingleThreadEventExecutor$4.run(SingleThreadEventExecutor.java:989)
	at io.netty.util.internal.ThreadExecutorMap$2.run(ThreadExecutorMap.java:74)
	at io.netty.util.concurrent.FastThreadLocalRunnable.run(FastThreadLocalRunnable.java:30)
	at java.base/java.lang.Thread.run(Thread.java:834)
16-05-2020 10:38:11.517 [http-nio-8081-exec-2 ri: 77788889999  ui: magarellic  ti: 1bb4e1bc85985cfc  si: 1bb4e1bc85985cfc] INFO  i.z.q.c.GenericHandlerInterceptor.preHandle - INTERCEPTOR PREHANDLE CALLED
16-05-2020 10:38:11.809 [http-nio-8081-exec-2 ri: 77788889999  ui: magarellic  ti: 1bb4e1bc85985cfc  si: 1bb4e1bc85985cfc] INFO  i.z.q.c.GenericHandlerInterceptor.postHandle - INTERCEPTOR POSTHANDLE CALLED
16-05-2020 10:38:11.810 [http-nio-8081-exec-2 ri: 77788889999  ui: magarellic  ti: 1bb4e1bc85985cfc  si: 1bb4e1bc85985cfc] INFO  i.z.q.c.GenericHandlerInterceptor.afterCompletion - INTERCEPTOR AFTERCOMPLETION CALLED
16-05-2020 10:39:21.153 [http-nio-8081-exec-3 ri: 77788889999  ui: magarellic  ti: b3a5e7a02177d7c6  si: b3a5e7a02177d7c6] DEBUG i.z.q.c.QuotazioneRequestLoggingFilter.beforeRequest - REQUEST DATA BEFORE :GET /api/quotazione/callAnagrafica/E885588, headers=[requestid:"77788889999", userid:"magarellic", user-agent:"PostmanRuntime/7.24.1", accept:"*/*", postman-token:"46aff625-129d-4e68-ab51-e877693d895d", host:"localhost:8081", accept-encoding:"gzip, deflate, br", connection:"keep-alive"]]
16-05-2020 10:39:21.168 [http-nio-8081-exec-3 ri: 77788889999  ui: magarellic  ti: b3a5e7a02177d7c6  si: b3a5e7a02177d7c6] INFO  i.z.q.c.GenericHandlerInterceptor.preHandle - INTERCEPTOR PREHANDLE CALLED
16-05-2020 10:39:21.169 [http-nio-8081-exec-3 ri: 77788889999  ui: magarellic  ti: b3a5e7a02177d7c6  si: b3a5e7a02177d7c6] INFO  i.z.q.services.QuotazioneServiceImpl.getCliente - Sono nel QuotazioneServiceImpl del service : quotazione. Request ID : 77788889999
16-05-2020 10:39:21.173 [http-nio-8081-exec-3 ri: 77788889999  ui: magarellic  ti: b3a5e7a02177d7c6  si: b3a5e7a02177d7c6] INFO  i.z.q.services.QuotazioneServiceImpl.getCliente - Sono nel QuotazioneServiceImpl del service : quotazione. User ID : magarellic
16-05-2020 10:39:21.193 [http-nio-8081-exec-3 ri: 77788889999  ui: magarellic  ti: b3a5e7a02177d7c6  si: b3a5e7a02177d7c6] INFO  i.z.q.services.QuotazioneServiceImpl.getCliente - Sono nel QuotazioneServiceImpl del service : quotazione. Common : A common configuration 1
16-05-2020 10:39:21.209 [http-nio-8081-exec-3 ri: 77788889999  ui: magarellic  ti: b3a5e7a02177d7c6  si: b3a5e7a02177d7c6] INFO  i.z.q.services.QuotazioneServiceImpl.getCliente - Sono nel QuotazioneServiceImpl del service : quotazione. Env : A common env 1
16-05-2020 10:39:21.212 [http-nio-8081-exec-3 ri: 77788889999  ui: magarellic  ti: b3a5e7a02177d7c6  si: b3a5e7a02177d7c6] INFO  i.z.quotazione.services.BaseService.lambda$0 - MICROSERVICE BE REQUEST GET http://localhost:8082/api/anagrafica/E885588
16-05-2020 10:39:21.213 [http-nio-8081-exec-3 ri: 77788889999  ui: magarellic  ti: b3a5e7a02177d7c6  si: b3a5e7a02177d7c6] INFO  i.z.quotazione.services.BaseService.lambda$0 - MICROSERVICE BE REQUEST GET http://localhost:8082/api/anagrafica/E885588
16-05-2020 10:39:22.292 [reactor-http-epoll-2 ri:   ui:   ti: b3a5e7a02177d7c6  si: b3a5e7a02177d7c6] INFO  i.z.quotazione.services.BaseService.lambda$1 - MICROSERVICE BE RESPONSE CODE 200 OK
16-05-2020 10:39:22.439 [reactor-http-epoll-2 ri:   ui:   ti: b3a5e7a02177d7c6  si: b3a5e7a02177d7c6] INFO  i.z.quotazione.services.BaseService.lambda$1 - MICROSERVICE BE RESPONSE CODE 200 OK
16-05-2020 10:39:22.644 [http-nio-8081-exec-3 ri: 77788889999  ui: magarellic  ti: b3a5e7a02177d7c6  si: b3a5e7a02177d7c6] INFO  i.z.q.c.GenericHandlerInterceptor.postHandle - INTERCEPTOR POSTHANDLE CALLED
16-05-2020 10:39:22.645 [http-nio-8081-exec-3 ri: 77788889999  ui: magarellic  ti: b3a5e7a02177d7c6  si: b3a5e7a02177d7c6] INFO  i.z.q.c.GenericHandlerInterceptor.afterCompletion - INTERCEPTOR AFTERCOMPLETION CALLED
16-05-2020 10:39:22.671 [http-nio-8081-exec-3 ri: 77788889999  ui: magarellic  ti: b3a5e7a02177d7c6  si: b3a5e7a02177d7c6] DEBUG i.z.q.c.QuotazioneRequestLoggingFilter.afterRequest - REQUEST DATA AFTER: GET /api/quotazione/callAnagrafica/E885588, headers=[requestid:"77788889999", userid:"magarellic", user-agent:"PostmanRuntime/7.24.1", accept:"*/*", postman-token:"46aff625-129d-4e68-ab51-e877693d895d", host:"localhost:8081", accept-encoding:"gzip, deflate, br", connection:"keep-alive"]]
